#
# A fatal error has been detected by the Java Runtime Environment:
#
#  Internal Error (jvmciRuntime.cpp:1609), pid=21, tid=35
#  fatal error: Fatal exception in JVMCI: Error calling jdk.vm.ci.services.Services.serializeSavedProperties
#
# JRE version: OpenJDK Runtime Environment GraalVM CE 22.3.0 (17.0.5+8) (build 17.0.5+8-jvmci-22.3-b08)
# Java VM: OpenJDK 64-Bit Server VM GraalVM CE 22.3.0 (17.0.5+8-jvmci-22.3-b08, mixed mode, sharing, tiered, jvmci, jvmci compiler, compressed oops, compressed class ptrs, parallel gc, linux-amd64)
# Problematic frame:
# V  [libjvm.so+0x972714]  JVMCIRuntime::fatal_exception(JVMCIEnv*, char const*)+0x74
#
# Core dump will be written. Default location: Core dumps may be processed with "/usr/share/apport/apport -p%p -s%s -c%c -d%d -P%P -u%u -g%g -- %E" (or dumping to /home/runner/Java-Basics/core.21)
#
# If you would like to submit a bug report, please visit:
#   https://github.com/oracle/graal/issues
#

---------------  S U M M A R Y ------------

Command Line: -XX:ThreadPriorityPolicy=1 -XX:+UnlockExperimentalVMOptions -XX:+EnableJVMCIProduct -XX:JVMCIThreadsPerNativeLibraryRuntime=1 -XX:-UnlockExperimentalVMOptions -Declipse.application=org.eclipse.jdt.ls.core.id1 -Dosgi.bundles.defaultStartLevel=4 -Declipse.product=org.eclipse.jdt.ls.core.product -Dlog.level=ALL -Xverify:none -XX:+UseParallelGC -XX:GCTimeRatio=4 -XX:AdaptiveSizePolicyWeight=90 -Dsun.zip.disableMemoryMapping=true -Xmx512m -Xms100m /nix/store/m6gcpi1ii6rghy04cjwjddcavv7i90df-jdt-language-server-1.9.0/share/java/plugins/org.eclipse.equinox.launcher_1.6.400.v20210924-0641.jar --add-modules=ALL-SYSTEM --add-opens java.base/java.util=ALL-UNNAMED --add-opens java.base/java.lang=ALL-UNNAMED -configuration /home/runner/.cache/jdt-language-server/config -data /home/runner/.cache/jdt-language-server/data/home/runner/Java-Basics

Host: AMD EPYC 7B13, 4 cores, 1G, Ubuntu 20.04.2 LTS
Time: Fri Apr 21 08:58:46 2023 UTC elapsed time: 2294.156744 seconds (0d 0h 38m 14s)

---------------  T H R E A D  ---------------

Current thread (0x00007fb4700b2210):  JavaThread "JVMCI-native CompilerThread0" daemon [_thread_in_vm, id=35, stack(0x00007fb47431a000,0x00007fb47451a000)]


Current CompileTask:
JVMCI-native:2294157 9011       4       java.lang.String::regionMatches (150 bytes)

Stack: [0x00007fb47431a000,0x00007fb47451a000],  sp=0x00007fb474518380,  free space=2040k
Native frames: (J=compiled Java code, j=interpreted, Vv=VM code, C=native code)
V  [libjvm.so+0x972714]  JVMCIRuntime::fatal_exception(JVMCIEnv*, char const*)+0x74
V  [libjvm.so+0x93e2fe]  JVMCIEnv::copy_saved_properties()+0x14e
V  [libjvm.so+0x9732a9]  JVMCIRuntime::initialize(JVMCIEnv*)+0xb19
V  [libjvm.so+0x9738a2]  JVMCIRuntime::get_HotSpotJVMCIRuntime(JVMCIEnv*)+0x12
V  [libjvm.so+0x9749f2]  JVMCIRuntime::compile_method(JVMCIEnv*, JVMCICompiler*, methodHandle const&, int)+0xd2
V  [libjvm.so+0x5b0d20]  CompileBroker::invoke_compiler_on_method(CompileTask*)+0x1470
V  [libjvm.so+0x5b12e8]  CompileBroker::compiler_thread_loop()+0x528
V  [libjvm.so+0xd82460]  JavaThread::thread_main_inner()+0xd0
V  [libjvm.so+0xd85a40]  Thread::call_run()+0xc0
V  [libjvm.so+0xbdb1e1]  thread_native_entry(Thread*)+0xe1

Register to memory mapping:

RAX=0x00007fb477446000 points into unknown readable memory: 0x0000000000000058 | 58 00 00 00 00 00 00 00
RBX=0x00007fb478541398: <offset 0x0000000000ef5398> in /nix/store/gpxl5qgg8kicmcvivwmybwjlpf7wh20l-graalvm17-ce-22.3.0/lib/server/libjvm.so at 0x00007fb47764c000
RCX=0x00007fb4784f91e8: <offset 0x0000000000ead1e8> in /nix/store/gpxl5qgg8kicmcvivwmybwjlpf7wh20l-graalvm17-ce-22.3.0/lib/server/libjvm.so at 0x00007fb47764c000
RDX=0x0000000000000649 is an unknown value
RSP=0x00007fb474518380 is pointing into the stack for thread: 0x00007fb4700b2210
RBP=0x00007fb4745183a0 is pointing into the stack for thread: 0x00007fb4700b2210
RSI=0x00007fb478541c48: <offset 0x0000000000ef5c48> in /nix/store/gpxl5qgg8kicmcvivwmybwjlpf7wh20l-graalvm17-ce-22.3.0/lib/server/libjvm.so at 0x00007fb47764c000
RDI=0x00000000e0000000 is an oop: [B 
{0x00000000e0000000} - klass: {type array byte}
 - length: 17
R8 =0x00007fb478541398: <offset 0x0000000000ef5398> in /nix/store/gpxl5qgg8kicmcvivwmybwjlpf7wh20l-graalvm17-ce-22.3.0/lib/server/libjvm.so at 0x00007fb47764c000
R9 =0x00007fb474518330 is pointing into the stack for thread: 0x00007fb4700b2210
R10=0x00007fb474519948 is pointing into the stack for thread: 0x00007fb4700b2210
R11=0x0000000000000293 is an unknown value
R12=0x0 is NULL
R13=0x00007fb4700b2210 is a thread
R14=0x00007fb470000b80 points into unknown readable memory: 0x00007fb478772a38 | 38 2a 77 78 b4 7f 00 00
R15=0x00007fb478880e40: <offset 0x0000000001234e40> in /nix/store/gpxl5qgg8kicmcvivwmybwjlpf7wh20l-graalvm17-ce-22.3.0/lib/server/libjvm.so at 0x00007fb47764c000


Registers:
RAX=0x00007fb477446000, RBX=0x00007fb478541398, RCX=0x00007fb4784f91e8, RDX=0x0000000000000649
RSP=0x00007fb474518380, RBP=0x00007fb4745183a0, RSI=0x00007fb478541c48, RDI=0x00000000e0000000
R8 =0x00007fb478541398, R9 =0x00007fb474518330, R10=0x00007fb474519948, R11=0x0000000000000293
R12=0x0000000000000000, R13=0x00007fb4700b2210, R14=0x00007fb470000b80, R15=0x00007fb478880e40
RIP=0x00007fb477fbe714, EFLAGS=0x0000000000010206, CSGSFS=0x002b000000000033, ERR=0x0000000000000006
  TRAPNO=0x000000000000000e

Top of Stack: (sp=0x00007fb474518380)
0x00007fb474518380:   00007fb474518940 00007fb4700b2210
0x00007fb474518390:   00007fb475dd78c8 0000000800c415a8
0x00007fb4745183a0:   00007fb474518500 00007fb477f8a2fe
0x00007fb4745183b0:   00007fb4745183e0 00007fb474518440 

Instructions: (pc=0x00007fb477fbe714)
0x00007fb477fbe614:   30 e8 f6 cf e8 ff 4c 89 e7 e8 2e 48 d1 ff 84 db
0x00007fb477fbe624:   75 2a 4d 85 ed 74 04 4d 8b 6d 00 48 83 c4 08 44
0x00007fb477fbe634:   89 f9 4c 89 f2 4c 89 ee 5b 4c 89 e7 41 5c 41 5d
0x00007fb477fbe644:   41 5e 41 5f 5d e9 e2 47 d1 ff 66 90 48 83 c4 08
0x00007fb477fbe654:   5b 41 5c 41 5d 41 5e 41 5f 5d c3 90 31 d2 be 08
0x00007fb477fbe664:   00 00 00 4c 89 ff e8 b1 78 a3 ff 49 89 c5 e9 37
0x00007fb477fbe674:   ff ff ff 66 0f 1f 84 00 00 00 00 00 48 8b 7a 08
0x00007fb477fbe684:   e9 6d ff ff ff 0f 1f 80 00 00 00 00 e8 5b 48 0a
0x00007fb477fbe694:   00 84 c0 75 89 e9 6a ff ff ff 66 90 55 48 89 e5
0x00007fb477fbe6a4:   41 56 41 55 41 54 49 89 fc 53 48 89 f3 66 48 8d
0x00007fb477fbe6b4:   3d 27 5e 85 00 66 66 48 e8 df 43 8d ff 4c 8b 28
0x00007fb477fbe6c4:   8b 05 be 72 8a 00 85 c0 75 14 ba 01 00 00 00 48
0x00007fb477fbe6d4:   8d 0d ae 72 8a 00 f0 0f b1 11 85 c0 74 4e be c8
0x00007fb477fbe6e4:   00 00 00 4c 89 ef e8 01 0b 41 00 48 8d 05 12 ac
0x00007fb477fbe6f4:   85 00 49 89 d8 48 8d 0d e8 aa 53 00 ba 49 06 00
0x00007fb477fbe704:   00 48 8d 35 3c 35 58 00 bf 00 00 00 e0 48 8b 00
0x00007fb477fbe714:   c6 00 58 31 c0 e8 e2 91 c6 ff 5b 41 5c 41 5d 41
0x00007fb477fbe724:   5e 5d e9 55 34 26 00 0f 1f 44 00 00 48 8d 05 81
0x00007fb477fbe734:   a3 8b 00 48 89 df 4c 8b 30 e8 9e 43 8d ff 48 89
0x00007fb477fbe744:   de 48 89 c2 49 8b 06 4c 89 f7 ff 50 08 4c 89 f7
0x00007fb477fbe754:   e8 a7 5c 27 00 4d 85 e4 74 12 be 01 00 00 00 4c
0x00007fb477fbe764:   89 e7 e8 35 43 fc ff eb 82 0f 1f 00 be 01 00 00
0x00007fb477fbe774:   00 4c 89 ef e8 d3 fd ff ff e9 6d ff ff ff 66 66
0x00007fb477fbe784:   2e 0f 1f 84 00 00 00 00 00 0f 1f 00 55 48 89 e5
0x00007fb477fbe794:   41 57 41 56 41 55 41 54 53 48 81 ec 08 02 00 00
0x00007fb477fbe7a4:   64 48 8b 04 25 28 00 00 00 48 89 45 c8 8b 07 83
0x00007fb477fbe7b4:   f8 02 0f 84 11 04 00 00 4c 8b 6f 18 49 89 ff 49
0x00007fb477fbe7c4:   89 f4 4d 85 ed 74 14 4c 89 ef e8 5d 57 22 00 41
0x00007fb477fbe7d4:   8b 07 83 f8 02 0f 84 19 04 00 00 48 8d 1d 9a 06
0x00007fb477fbe7e4:   8a 00 4c 8d 35 0b 3c 58 00 eb 38 90 48 85 d2 7f
0x00007fb477fbe7f4:   0d 48 8d 05 b4 c0 85 00 48 83 38 00 7e 0e 41 8b
0x00007fb477fbe804:   77 2c 4c 89 f7 31 c0 e8 a0 b2 f7 ff 49 8b 7f 18 


Stack slot to memory mapping:
stack at sp + 0 slots: 0x00007fb474518940 is pointing into the stack for thread: 0x00007fb4700b2210
stack at sp + 1 slots: 0x00007fb4700b2210 is a thread
stack at sp + 2 slots: 0x00007fb475dd78c8 points into unknown readable memory: 0x6573001880c9ffff | ff ff c9 80 18 00 73 65
stack at sp + 3 slots: 0x0000000800c415a8 is a pointer to class: 
jdk.vm.ci.services.Services {0x0000000800c415a8}
 - instance size:     2
 - klass size:        65
 - access:            public final synchronized 
 - state:             fully_initialized
 - name:              'jdk/vm/ci/services/Services'
 - super:             'java/lang/Object'
 - sub:               
 - arrays:            NULL
 - methods:           Array<T>(0x00007fb474c40070)
 - method ordering:   Array<T>(0x0000000800928960)
 - default_methods:   Array<T>(0x0000000000000000)
 - local interfaces:  Array<T>(0x00000008005ce810)
 - trans. interfaces: Array<T>(0x00000008005ce810)
 - constants:         constant pool [427] {0x00007fb474c3f150} for 'jdk/vm/ci/services/Services' cache=0x00007fb474c41340
 - class loader data:  loader data: 0x00007fb4700283f0 of 'bootstrap'
 - source file:       'Services.java'
 - class annotations:       Array<T>(0x0000000000000000)
 - class type annotations:  Array<T>(0x0000000000000000)
 - field annotations:       Array<T>(0x0000000000000000)
 - field type annotations:  Array<T>(0x0000000000000000)
 - inner classes:     Array<T>(0x00007fb474c41310)
 - nest members:     Array<T>(0x00007fb474c41330)
 - permitted subclasses:     Array<T>(0x00000008005ce7a0)
 - java mirror:       a 'java/lang/Class'{0x00000000e017f0b0} = 'jdk/vm/ci/services/Services'
 - vtable length      5  (start addr: 0x0000000800c41778)
 - itable length      2 (start addr: 0x0000000800c417a0)
 - ---- static fields (3 words):
 - public static final 'IS_BUILDING_NATIVE_IMAGE' 'Z' @128 
 - public static final 'IS_IN_NATIVE_IMAGE' 'Z' @129 
 - private static volatile 'savedProperties' 'Ljava/util/Map;' @112 
 - static final 'JVMCI_ENABLED' 'Z' @130 
 - private static final 'servicesCache' 'Ljava/util/Map;' @116 
 - private static final 'MAX_UNICODE_IN_UTF8_LENGTH' 'I' @120 
 - private static final 'MAX_UTF8_PROPERTY_STRING_LENGTH' 'I' @124 
 - ---- non-static fields (0 words):
 - non-static oop maps: 
stack at sp + 4 slots: 0x00007fb474518500 is pointing into the stack for thread: 0x00007fb4700b2210
stack at sp + 5 slots: 0x00007fb477f8a2fe: <offset 0x000000000093e2fe> in /nix/store/gpxl5qgg8kicmcvivwmybwjlpf7wh20l-graalvm17-ce-22.3.0/lib/server/libjvm.so at 0x00007fb47764c000
stack at sp + 6 slots: 0x00007fb4745183e0 is pointing into the stack for thread: 0x00007fb4700b2210
stack at sp + 7 slots: 0x00007fb474518440 is pointing into the stack for thread: 0x00007fb4700b2210


---------------  P R O C E S S  ---------------

Threads class SMR info:
_java_thread_list=0x00005634daa08a20, length=29, elements={
0x00007fb470026690, 0x00007fb4700a64d0, 0x00007fb4700a7910, 0x00007fb4700ae080,
0x00007fb4700af430, 0x00007fb4700b0820, 0x00007fb4700b2210, 0x00007fb4700b3720,
0x00007fb4700b4b70, 0x00007fb4700d7870, 0x00007fb47011f9e0, 0x00007fb4703022a0,
0x00007fb470335480, 0x00007fb470337d10, 0x00007fb4705fcbc0, 0x00007fb40801a720,
0x00007fb4082b2760, 0x00007fb3f00010d0, 0x00007fb4084962d0, 0x00007fb4082c5e70,
0x00007fb4704b1ad0, 0x00007fb47035d670, 0x00007fb408849190, 0x00007fb40c05abe0,
0x00005634da8f3dc0, 0x00007fb40c14eac0, 0x00007fb40c1523a0, 0x00005634da8f2a00,
0x00007fb3f0086de0
}

Java Threads: ( => current thread )
  0x00007fb470026690 JavaThread "main" [_thread_blocked, id=27, stack(0x00007fb477467000,0x00007fb477567000)]
  0x00007fb4700a64d0 JavaThread "Reference Handler" daemon [_thread_blocked, id=30, stack(0x00007fb47547e000,0x00007fb47557e000)]
  0x00007fb4700a7910 JavaThread "Finalizer" daemon [_thread_blocked, id=31, stack(0x00007fb474b00000,0x00007fb474c00000)]
  0x00007fb4700ae080 JavaThread "Signal Dispatcher" daemon [_thread_blocked, id=32, stack(0x00007fb47471a000,0x00007fb47481a000)]
  0x00007fb4700af430 JavaThread "Service Thread" daemon [_thread_blocked, id=33, stack(0x00007fb47461a000,0x00007fb47471a000)]
  0x00007fb4700b0820 JavaThread "Monitor Deflation Thread" daemon [_thread_blocked, id=34, stack(0x00007fb47451a000,0x00007fb47461a000)]
=>0x00007fb4700b2210 JavaThread "JVMCI-native CompilerThread0" daemon [_thread_in_vm, id=35, stack(0x00007fb47431a000,0x00007fb47451a000)]
  0x00007fb4700b3720 JavaThread "C1 CompilerThread0" daemon [_thread_blocked, id=36, stack(0x00007fb47411a000,0x00007fb47431a000)]
  0x00007fb4700b4b70 JavaThread "Sweeper thread" daemon [_thread_blocked, id=37, stack(0x00007fb47401a000,0x00007fb47411a000)]
  0x00007fb4700d7870 JavaThread "Common-Cleaner" daemon [_thread_blocked, id=38, stack(0x00007fb4573b3000,0x00007fb4574b3000)]
  0x00007fb47011f9e0 JavaThread "Notification Thread" daemon [_thread_blocked, id=39, stack(0x00007fb4572b3000,0x00007fb4573b3000)]
  0x00007fb4703022a0 JavaThread "Active Thread: Equinox Container: 76a9969a-8db5-4cbe-85f4-e4d80a93b341" [_thread_blocked, id=45, stack(0x00007fb454d00000,0x00007fb454e00000)]
  0x00007fb470335480 JavaThread "Framework Event Dispatcher: Equinox Container: 76a9969a-8db5-4cbe-85f4-e4d80a93b341" daemon [_thread_blocked, id=46, stack(0x00007fb454b00000,0x00007fb454c00000)]
  0x00007fb470337d10 JavaThread "Start Level: Equinox Container: 76a9969a-8db5-4cbe-85f4-e4d80a93b341" daemon [_thread_blocked, id=47, stack(0x00007fb454900000,0x00007fb454a00000)]
  0x00007fb4705fcbc0 JavaThread "Refresh Thread: Equinox Container: 76a9969a-8db5-4cbe-85f4-e4d80a93b341" daemon [_thread_blocked, id=49, stack(0x00007fb454700000,0x00007fb454800000)]
  0x00007fb40801a720 JavaThread "SCR Component Actor" daemon [_thread_blocked, id=65, stack(0x00007fb454a00000,0x00007fb454b00000)]
  0x00007fb4082b2760 JavaThread "Worker-JM" [_thread_blocked, id=68, stack(0x00007fb454300000,0x00007fb454400000)]
  0x00007fb3f00010d0 JavaThread "Worker-1: Publish Diagnostics" [_thread_blocked, id=70, stack(0x00007fb41ed00000,0x00007fb41ee00000)]
  0x00007fb4084962d0 JavaThread "Java indexing" daemon [_thread_blocked, id=71, stack(0x00007fb41eb00000,0x00007fb41ec00000)]
  0x00007fb4082c5e70 JavaThread "Bundle File Closer" daemon [_thread_blocked, id=73, stack(0x00007fb41e700000,0x00007fb41e800000)]
  0x00007fb4704b1ad0 JavaThread "pool-3-thread-1" [_thread_blocked, id=74, stack(0x00007fb454500000,0x00007fb454600000)]
  0x00007fb47035d670 JavaThread "pool-2-thread-1" [_thread_blocked, id=75, stack(0x00007fb41e500000,0x00007fb41e600000)]
  0x00007fb408849190 JavaThread "Worker-4: Java indexing... " [_thread_blocked, id=77, stack(0x00007fb41e300000,0x00007fb41e400000)]
  0x00007fb40c05abe0 JavaThread "Thread-4" [_thread_blocked, id=119, stack(0x00007fb454200000,0x00007fb454300000)]
  0x00005634da8f3dc0 JavaThread "Worker-7: Compacting resource model" [_thread_blocked, id=120, stack(0x00007fb41d900000,0x00007fb41da00000)]
  0x00007fb40c14eac0 JavaThread "Thread-7" [_thread_blocked, id=146, stack(0x00007fb454100000,0x00007fb454200000)]
  0x00007fb40c1523a0 JavaThread "Thread-8" [_thread_blocked, id=147, stack(0x00007fb41e900000,0x00007fb41ea00000)]
  0x00005634da8f2a00 JavaThread "Worker-8" [_thread_blocked, id=149, stack(0x00007fb41db00000,0x00007fb41dc00000)]
  0x00007fb3f0086de0 JavaThread "Worker-9" [_thread_blocked, id=150, stack(0x00007fb41e100000,0x00007fb41e200000)]

Other Threads:
  0x00007fb4700a1c10 VMThread "VM Thread" [stack: 0x00007fb475580000,0x00007fb475680000] [id=29] _threads_hazard_ptr=0x00005634daa08a20
  0x00007fb470121380 WatcherThread [stack: 0x00007fb4571b3000,0x00007fb4572b3000] [id=40]
  0x00007fb47003df30 GCTaskThread "GC Thread#0" [stack: 0x00007fb47702a000,0x00007fb47712a000] [id=28]

Threads with active compile tasks:
JVMCI-native CompilerThread0  2294185 9011       4       java.lang.String::regionMatches (150 bytes)

VM state: synchronizing (normal execution)

VM Mutex/Monitor currently owned by a thread:  ([mutex/lock_event])
[0x00007fb470023840] Threads_lock - owner thread: 0x00007fb4700a1c10
[0x00007fb470023ff0] Heap_lock - owner thread: 0x00007fb4084962d0

OutOfMemory and StackOverflow Exception counts:
OutOfMemoryError java_heap_errors=9
LinkageErrors=76

Heap address: 0x00000000e0000000, size: 512 MB, Compressed Oops mode: 32-bit

CDS archive(s) mapped at: [0x0000000800000000-0x0000000800bc8000-0x0000000800bc8000), size 12353536, SharedBaseAddress: 0x0000000800000000, ArchiveRelocationMode: 0.
Compressed class space mapped at: 0x0000000800c00000-0x0000000840c00000, reserved size: 1073741824
Narrow klass base: 0x0000000800000000, Narrow klass shift: 0, Narrow klass range: 0x100000000

GC Precious Log:
 CPUs: 4 total, 1 available
 Memory: 1024M
 Large Page Support: Disabled
 NUMA Support: Disabled
 Compressed Oops: Enabled (32-bit)
 Alignments: Space 512K, Generation 512K, Heap 2M
 Heap Min Capacity: 100M
 Heap Initial Capacity: 100M
 Heap Max Capacity: 512M
 Pre-touch: Disabled
 Parallel Workers: 1

Heap:
 PSYoungGen      total 45056K, used 31744K [0x00000000f5580000, 0x00000000f9100000, 0x0000000100000000)
  eden space 31744K, 100% used [0x00000000f5580000,0x00000000f7480000,0x00000000f7480000)
  from space 13312K, 0% used [0x00000000f7480000,0x00000000f7480000,0x00000000f8180000)
  to   space 13312K, 0% used [0x00000000f8180000,0x00000000f8180000,0x00000000f8e80000)
 ParOldGen       total 349696K, used 349695K [0x00000000e0000000, 0x00000000f5580000, 0x00000000f5580000)
  object space 349696K, 99% used [0x00000000e0000000,0x00000000f557fff8,0x00000000f5580000)
 Metaspace       used 61039K, committed 61952K, reserved 1105920K
  class space    used 6019K, committed 6400K, reserved 1048576K

Card table byte_map: [0x00007fb47712a000,0x00007fb47722b000] _byte_map_base: 0x00007fb476a2a000

Marking Bits: (ParMarkBitMap*) 0x00007fb47887a4c0
 Begin Bits: [0x00007fb475f7d000, 0x00007fb47677d000)
 End Bits:   [0x00007fb47677d000, 0x00007fb476f7d000)

Polling page: 0x00007fb477444000

Metaspace:

Usage:
  Non-class:     53.73 MB used.
      Class:      5.88 MB used.
       Both:     59.61 MB used.

Virtual space:
  Non-class space:       56.00 MB reserved,      54.25 MB ( 97%) committed,  7 nodes.
      Class space:        1.00 GB reserved,       6.25 MB ( <1%) committed,  1 nodes.
             Both:        1.05 GB reserved,      60.50 MB (  6%) committed. 

Chunk freelists:
   Non-Class:  1.34 MB
       Class:  1.78 MB
        Both:  3.13 MB

MaxMetaspaceSize: unlimited
CompressedClassSpaceSize: 1.00 GB
Initial GC threshold: 21.00 MB
Current GC threshold: 100.88 MB
CDS: on
MetaspaceReclaimPolicy: balanced
 - commit_granule_bytes: 65536.
 - commit_granule_words: 8192.
 - virtual_space_node_default_size: 1048576.
 - enlarge_chunks_in_place: 1.
 - new_chunks_are_fully_committed: 0.
 - uncommit_free_chunks: 1.
 - use_allocation_guard: 0.
 - handle_deallocations: 1.


Internal statistics:

num_allocs_failed_limit: 6.
num_arena_births: 500.
num_arena_deaths: 148.
num_vsnodes_births: 8.
num_vsnodes_deaths: 0.
num_space_committed: 967.
num_space_uncommitted: 0.
num_chunks_returned_to_freelist: 209.
num_chunks_taken_from_freelist: 2936.
num_chunk_merges: 83.
num_chunk_splits: 1879.
num_chunks_enlarged: 1157.
num_purges: 16.
num_inconsistent_stats: 0.

CodeHeap 'non-profiled nmethods': size=120036Kb used=2873Kb max_used=2873Kb free=117162Kb
 bounds [0x00007fb45ef7a000, 0x00007fb45f24a000, 0x00007fb4664b3000]
CodeHeap 'profiled nmethods': size=120032Kb used=15104Kb max_used=15795Kb free=104927Kb
 bounds [0x00007fb457a42000, 0x00007fb458a62000, 0x00007fb45ef7a000]
CodeHeap 'non-nmethods': size=5692Kb used=1421Kb max_used=1446Kb free=4270Kb
 bounds [0x00007fb4574b3000, 0x00007fb457723000, 0x00007fb457a42000]
 total_blobs=7837 nmethods=7072 adapters=632
 compilation: enabled
              stopped_count=0, restarted_count=0
 full_count=0

JVMCI Events (20 events):
Event: 1762.565 Thread 0x00007fb4700b2210 detached from JVMCI runtime 0
Event: 1883.897 Thread 0x00007fb4700b2210 attached to JVMCI runtime 0
Event: 1883.899 Thread 0x00007fb4700b2210 created JavaVM[12]@0x00007fb41d19e340 for JVMCI runtime 0
Event: 1885.169 Thread 0x00007fb4700b2210 initializing JVMCI runtime 0
Event: 1885.169 Thread 0x00007fb4700b2210 done waiting for JavaVM references initialization in JVMCI runtime 0
Event: 1930.467 Thread 0x00007fb4700b2210 initialized JVMCI runtime 0
Event: 2066.768 Thread 0x00007fb4700b2210 compacted oop handles in JVMCI runtime 0 from 208 to 127
Event: 2067.886 Thread 0x00007fb4700b2210 compacted oop handles in JVMCI runtime 0 from 128 to 95
Event: 2071.380 Thread 0x00007fb4700b2210 compacted oop handles in JVMCI runtime 0 from 96 to 42
Event: 2072.592 Thread 0x00007fb4700b2210 detaching from JVMCI runtime 0: releasing idle compiler thread (0 other threads still attached)
Event: 2072.592 Thread 0x00007fb4700b2210 shutting down HotSpotJVMCIRuntime for JVMCI runtime 0
Event: 2072.592 Thread 0x00007fb4700b2210 shut down JVMCI runtime 0
Event: 2073.818 Thread 0x00007fb4700b2210 destroyed JavaVM[12]@0x00007fb41d19e340 for JVMCI runtime 0
Event: 2073.818 Thread 0x00007fb4700b2210 compacted oop handles in JVMCI runtime 0 from 49 to 49
Event: 2073.818 Thread 0x00007fb4700b2210 releasing handles for JVMCI runtime 0: oop handles=49, metadata handles={total=320, live=305, blocks=39}
Event: 2073.818 Thread 0x00007fb4700b2210 detached from JVMCI runtime 0
Event: 2176.892 Thread 0x00007fb4700b2210 attached to JVMCI runtime 0
Event: 2176.893 Thread 0x00007fb4700b2210 created JavaVM[13]@0x00007fb41d19e340 for JVMCI runtime 0
Event: 2176.893 Thread 0x00007fb4700b2210 initializing JVMCI runtime 0
Event: 2176.893 Thread 0x00007fb4700b2210 done waiting for JavaVM references initialization in JVMCI runtime 0

Compilation events (20 events):
Event: 1926.803 Thread 0x00007fb4700b3720 9004       3       java.lang.StringBuffer::<init> (6 bytes)
Event: 1926.803 Thread 0x00007fb4700b3720 nmethod 9004 0x00007fb457ce1510 code [0x00007fb457ce16c0, 0x00007fb457ce1800]
Event: 1960.381 Thread 0x00007fb4700b3720 9005       1       org.eclipse.jdt.ls.core.internal.LanguageServer::getParentProcessId (5 bytes)
Event: 1960.381 Thread 0x00007fb4700b3720 nmethod 9005 0x00007fb45f23ce90 code [0x00007fb45f23d020, 0x00007fb45f23d0f0]
Event: 2033.871 Thread 0x00007fb4700b3720 9008       3       com.google.gson.internal.bind.ReflectiveTypeAdapterFactory$1::read (30 bytes)
Event: 2036.374 Thread 0x00007fb4700b3720 nmethod 9008 0x00007fb457b44b10 code [0x00007fb457b44d00, 0x00007fb457b45420]
Event: 2067.886 Thread 0x00007fb4700b2210 nmethod 9002 0x00007fb45f23d190 code [0x00007fb45f23d700, 0x00007fb45f243af8]
Event: 2067.886 Thread 0x00007fb4700b2210 9007       4       org.eclipse.jdt.internal.compiler.util.Util::scanClassTypeSignature (109 bytes)
Event: 2070.189 Thread 0x00007fb4700b3720 9009       3       org.eclipse.jdt.internal.compiler.lookup.LookupEnvironment::getNullAnnotationBit (271 bytes)
Event: 2070.191 Thread 0x00007fb4700b3720 nmethod 9009 0x00007fb45841b190 code [0x00007fb45841b540, 0x00007fb45841d900]
Event: 2071.380 Thread 0x00007fb4700b2210 nmethod 9007 0x00007fb45f247a10 code [0x00007fb45f247ba0, 0x00007fb45f247f10]
Event: 2071.380 Thread 0x00007fb4700b2210 9006       4       org.eclipse.core.internal.resources.Resource::equals (66 bytes)
Event: 2071.384 Thread 0x00007fb4700b2210 nmethod 9006 0x00007fb45f248110 code [0x00007fb45f2482a0, 0x00007fb45f2484d0]
Event: 2143.674 Thread 0x00007fb4700b3720 9010       3       org.eclipse.jdt.internal.core.NameLookup::seekTypesInWorkingCopies (427 bytes)
Event: 2143.678 Thread 0x00007fb4700b3720 nmethod 9010 0x00007fb458875d90 code [0x00007fb4588763a0, 0x00007fb45887c420]
Event: 2176.892 Thread 0x00007fb4700b2210 9011       4       java.lang.String::regionMatches (150 bytes)
Event: 2178.056 Thread 0x00007fb4700b3720 9012       3       java.util.concurrent.locks.ReentrantLock$NonfairSync::tryAcquire (27 bytes)
Event: 2178.056 Thread 0x00007fb4700b3720 nmethod 9012 0x00007fb4585a4b90 code [0x00007fb4585a4d40, 0x00007fb4585a4fa0]
Event: 2253.657 Thread 0x00007fb4700b3720 9013   !   3       org.eclipse.jdt.internal.core.NameLookup::seekTypes (277 bytes)
Event: 2261.569 Thread 0x00007fb4700b3720 nmethod 9013 0x00007fb4582eda90 code [0x00007fb4582ede40, 0x00007fb4582efb30]

GC Heap History (20 events):
Event: 2283.263 GC heap before
{Heap before GC invocations=1812 (full 1724):
 PSYoungGen      total 45056K, used 31744K [0x00000000f5580000, 0x00000000f9100000, 0x0000000100000000)
  eden space 31744K, 100% used [0x00000000f5580000,0x00000000f7480000,0x00000000f7480000)
  from space 13312K, 0% used [0x00000000f7480000,0x00000000f7480000,0x00000000f8180000)
  to   space 13312K, 0% used [0x00000000f8180000,0x00000000f8180000,0x00000000f8e80000)
 ParOldGen       total 349696K, used 349696K [0x00000000e0000000, 0x00000000f5580000, 0x00000000f5580000)
  object space 349696K, 100% used [0x00000000e0000000,0x00000000f5580000,0x00000000f5580000)
 Metaspace       used 61039K, committed 61952K, reserved 1105920K
  class space    used 6019K, committed 6400K, reserved 1048576K
}
Event: 2284.367 GC heap after
{Heap after GC invocations=1812 (full 1724):
 PSYoungGen      total 45056K, used 31744K [0x00000000f5580000, 0x00000000f9100000, 0x0000000100000000)
  eden space 31744K, 100% used [0x00000000f5580000,0x00000000f7480000,0x00000000f7480000)
  from space 13312K, 0% used [0x00000000f8180000,0x00000000f8180000,0x00000000f8e80000)
  to   space 13312K, 0% used [0x00000000f7480000,0x00000000f7480000,0x00000000f8180000)
 ParOldGen       total 349696K, used 349696K [0x00000000e0000000, 0x00000000f5580000, 0x00000000f5580000)
  object space 349696K, 100% used [0x00000000e0000000,0x00000000f5580000,0x00000000f5580000)
 Metaspace       used 61039K, committed 61952K, reserved 1105920K
  class space    used 6019K, committed 6400K, reserved 1048576K
}
Event: 2284.367 GC heap before
{Heap before GC invocations=1813 (full 1725):
 PSYoungGen      total 45056K, used 31744K [0x00000000f5580000, 0x00000000f9100000, 0x0000000100000000)
  eden space 31744K, 100% used [0x00000000f5580000,0x00000000f7480000,0x00000000f7480000)
  from space 13312K, 0% used [0x00000000f8180000,0x00000000f8180000,0x00000000f8e80000)
  to   space 13312K, 0% used [0x00000000f7480000,0x00000000f7480000,0x00000000f8180000)
 ParOldGen       total 349696K, used 349696K [0x00000000e0000000, 0x00000000f5580000, 0x00000000f5580000)
  object space 349696K, 100% used [0x00000000e0000000,0x00000000f5580000,0x00000000f5580000)
 Metaspace       used 61039K, committed 61952K, reserved 1105920K
  class space    used 6019K, committed 6400K, reserved 1048576K
}
Event: 2285.385 GC heap after
{Heap after GC invocations=1813 (full 1725):
 PSYoungGen      total 45056K, used 31744K [0x00000000f5580000, 0x00000000f9100000, 0x0000000100000000)
  eden space 31744K, 100% used [0x00000000f5580000,0x00000000f7480000,0x00000000f7480000)
  from space 13312K, 0% used [0x00000000f7480000,0x00000000f7480000,0x00000000f8180000)
  to   space 13312K, 0% used [0x00000000f8180000,0x00000000f8180000,0x00000000f8e80000)
 ParOldGen       total 349696K, used 349695K [0x00000000e0000000, 0x00000000f5580000, 0x00000000f5580000)
  object space 349696K, 99% used [0x00000000e0000000,0x00000000f557ffe0,0x00000000f5580000)
 Metaspace       used 61039K, committed 61952K, reserved 1105920K
  class space    used 6019K, committed 6400K, reserved 1048576K
}
Event: 2285.385 GC heap before
{Heap before GC invocations=1814 (full 1726):
 PSYoungGen      total 45056K, used 31744K [0x00000000f5580000, 0x00000000f9100000, 0x0000000100000000)
  eden space 31744K, 100% used [0x00000000f5580000,0x00000000f7480000,0x00000000f7480000)
  from space 13312K, 0% used [0x00000000f7480000,0x00000000f7480000,0x00000000f8180000)
  to   space 13312K, 0% used [0x00000000f8180000,0x00000000f8180000,0x00000000f8e80000)
 ParOldGen       total 349696K, used 349696K [0x00000000e0000000, 0x00000000f5580000, 0x00000000f5580000)
  object space 349696K, 100% used [0x00000000e0000000,0x00000000f5580000,0x00000000f5580000)
 Metaspace       used 61039K, committed 61952K, reserved 1105920K
  class space    used 6019K, committed 6400K, reserved 1048576K
}
Event: 2286.396 GC heap after
{Heap after GC invocations=1814 (full 1726):
 PSYoungGen      total 45056K, used 31744K [0x00000000f5580000, 0x00000000f9100000, 0x0000000100000000)
  eden space 31744K, 100% used [0x00000000f5580000,0x00000000f7480000,0x00000000f7480000)
  from space 13312K, 0% used [0x00000000f8180000,0x00000000f8180000,0x00000000f8e80000)
  to   space 13312K, 0% used [0x00000000f7480000,0x00000000f7480000,0x00000000f8180000)
 ParOldGen       total 349696K, used 349696K [0x00000000e0000000, 0x00000000f5580000, 0x00000000f5580000)
  object space 349696K, 100% used [0x00000000e0000000,0x00000000f5580000,0x00000000f5580000)
 Metaspace       used 61039K, committed 61952K, reserved 1105920K
  class space    used 6019K, committed 6400K, reserved 1048576K
}
Event: 2286.396 GC heap before
{Heap before GC invocations=1815 (full 1727):
 PSYoungGen      total 45056K, used 31744K [0x00000000f5580000, 0x00000000f9100000, 0x0000000100000000)
  eden space 31744K, 100% used [0x00000000f5580000,0x00000000f7480000,0x00000000f7480000)
  from space 13312K, 0% used [0x00000000f8180000,0x00000000f8180000,0x00000000f8e80000)
  to   space 13312K, 0% used [0x00000000f7480000,0x00000000f7480000,0x00000000f8180000)
 ParOldGen       total 349696K, used 349696K [0x00000000e0000000, 0x00000000f5580000, 0x00000000f5580000)
  object space 349696K, 100% used [0x00000000e0000000,0x00000000f5580000,0x00000000f5580000)
 Metaspace       used 61039K, committed 61952K, reserved 1105920K
  class space    used 6019K, committed 6400K, reserved 1048576K
}
Event: 2287.491 GC heap after
{Heap after GC invocations=1815 (full 1727):
 PSYoungGen      total 45056K, used 31744K [0x00000000f5580000, 0x00000000f9100000, 0x0000000100000000)
  eden space 31744K, 100% used [0x00000000f5580000,0x00000000f7480000,0x00000000f7480000)
  from space 13312K, 0% used [0x00000000f7480000,0x00000000f7480000,0x00000000f8180000)
  to   space 13312K, 0% used [0x00000000f8180000,0x00000000f8180000,0x00000000f8e80000)
 ParOldGen       total 349696K, used 349696K [0x00000000e0000000, 0x00000000f5580000, 0x00000000f5580000)
  object space 349696K, 100% used [0x00000000e0000000,0x00000000f5580000,0x00000000f5580000)
 Metaspace       used 61039K, committed 61952K, reserved 1105920K
  class space    used 6019K, committed 6400K, reserved 1048576K
}
Event: 2287.491 GC heap before
{Heap before GC invocations=1816 (full 1728):
 PSYoungGen      total 45056K, used 31744K [0x00000000f5580000, 0x00000000f9100000, 0x0000000100000000)
  eden space 31744K, 100% used [0x00000000f5580000,0x00000000f7480000,0x00000000f7480000)
  from space 13312K, 0% used [0x00000000f7480000,0x00000000f7480000,0x00000000f8180000)
  to   space 13312K, 0% used [0x00000000f8180000,0x00000000f8180000,0x00000000f8e80000)
 ParOldGen       total 349696K, used 349696K [0x00000000e0000000, 0x00000000f5580000, 0x00000000f5580000)
  object space 349696K, 100% used [0x00000000e0000000,0x00000000f5580000,0x00000000f5580000)
 Metaspace       used 61039K, committed 61952K, reserved 1105920K
  class space    used 6019K, committed 6400K, reserved 1048576K
}
Event: 2288.685 GC heap after
{Heap after GC invocations=1816 (full 1728):
 PSYoungGen      total 45056K, used 31744K [0x00000000f5580000, 0x00000000f9100000, 0x0000000100000000)
  eden space 31744K, 100% used [0x00000000f5580000,0x00000000f7480000,0x00000000f7480000)
  from space 13312K, 0% used [0x00000000f8180000,0x00000000f8180000,0x00000000f8e80000)
  to   space 13312K, 0% used [0x00000000f7480000,0x00000000f7480000,0x00000000f8180000)
 ParOldGen       total 349696K, used 349695K [0x00000000e0000000, 0x00000000f5580000, 0x00000000f5580000)
  object space 349696K, 99% used [0x00000000e0000000,0x00000000f557ffe0,0x00000000f5580000)
 Metaspace       used 61039K, committed 61952K, reserved 1105920K
  class space    used 6019K, committed 6400K, reserved 1048576K
}
Event: 2288.686 GC heap before
{Heap before GC invocations=1817 (full 1729):
 PSYoungGen      total 45056K, used 31744K [0x00000000f5580000, 0x00000000f9100000, 0x0000000100000000)
  eden space 31744K, 100% used [0x00000000f5580000,0x00000000f7480000,0x00000000f7480000)
  from space 13312K, 0% used [0x00000000f8180000,0x00000000f8180000,0x00000000f8e80000)
  to   space 13312K, 0% used [0x00000000f7480000,0x00000000f7480000,0x00000000f8180000)
 ParOldGen       total 349696K, used 349696K [0x00000000e0000000, 0x00000000f5580000, 0x00000000f5580000)
  object space 349696K, 100% used [0x00000000e0000000,0x00000000f5580000,0x00000000f5580000)
 Metaspace       used 61039K, committed 61952K, reserved 1105920K
  class space    used 6019K, committed 6400K, reserved 1048576K
}
Event: 2289.764 GC heap after
{Heap after GC invocations=1817 (full 1729):
 PSYoungGen      total 45056K, used 31744K [0x00000000f5580000, 0x00000000f9100000, 0x0000000100000000)
  eden space 31744K, 100% used [0x00000000f5580000,0x00000000f7480000,0x00000000f7480000)
  from space 13312K, 0% used [0x00000000f7480000,0x00000000f7480000,0x00000000f8180000)
  to   space 13312K, 0% used [0x00000000f8180000,0x00000000f8180000,0x00000000f8e80000)
 ParOldGen       total 349696K, used 349695K [0x00000000e0000000, 0x00000000f5580000, 0x00000000f5580000)
  object space 349696K, 99% used [0x00000000e0000000,0x00000000f557ffe0,0x00000000f5580000)
 Metaspace       used 61039K, committed 61952K, reserved 1105920K
  class space    used 6019K, committed 6400K, reserved 1048576K
}
Event: 2289.764 GC heap before
{Heap before GC invocations=1818 (full 1730):
 PSYoungGen      total 45056K, used 31744K [0x00000000f5580000, 0x00000000f9100000, 0x0000000100000000)
  eden space 31744K, 100% used [0x00000000f5580000,0x00000000f7480000,0x00000000f7480000)
  from space 13312K, 0% used [0x00000000f7480000,0x00000000f7480000,0x00000000f8180000)
  to   space 13312K, 0% used [0x00000000f8180000,0x00000000f8180000,0x00000000f8e80000)
 ParOldGen       total 349696K, used 349696K [0x00000000e0000000, 0x00000000f5580000, 0x00000000f5580000)
  object space 349696K, 100% used [0x00000000e0000000,0x00000000f5580000,0x00000000f5580000)
 Metaspace       used 61039K, committed 61952K, reserved 1105920K
  class space    used 6019K, committed 6400K, reserved 1048576K
}
Event: 2290.785 GC heap after
{Heap after GC invocations=1818 (full 1730):
 PSYoungGen      total 45056K, used 31744K [0x00000000f5580000, 0x00000000f9100000, 0x0000000100000000)
  eden space 31744K, 100% used [0x00000000f5580000,0x00000000f7480000,0x00000000f7480000)
  from space 13312K, 0% used [0x00000000f8180000,0x00000000f8180000,0x00000000f8e80000)
  to   space 13312K, 0% used [0x00000000f7480000,0x00000000f7480000,0x00000000f8180000)
 ParOldGen       total 349696K, used 349695K [0x00000000e0000000, 0x00000000f5580000, 0x00000000f5580000)
  object space 349696K, 99% used [0x00000000e0000000,0x00000000f557ffe0,0x00000000f5580000)
 Metaspace       used 61039K, committed 61952K, reserved 1105920K
  class space    used 6019K, committed 6400K, reserved 1048576K
}
Event: 2290.785 GC heap before
{Heap before GC invocations=1819 (full 1731):
 PSYoungGen      total 45056K, used 31744K [0x00000000f5580000, 0x00000000f9100000, 0x0000000100000000)
  eden space 31744K, 100% used [0x00000000f5580000,0x00000000f7480000,0x00000000f7480000)
  from space 13312K, 0% used [0x00000000f8180000,0x00000000f8180000,0x00000000f8e80000)
  to   space 13312K, 0% used [0x00000000f7480000,0x00000000f7480000,0x00000000f8180000)
 ParOldGen       total 349696K, used 349695K [0x00000000e0000000, 0x00000000f5580000, 0x00000000f5580000)
  object space 349696K, 99% used [0x00000000e0000000,0x00000000f557ffe0,0x00000000f5580000)
 Metaspace       used 61039K, committed 61952K, reserved 1105920K
  class space    used 6019K, committed 6400K, reserved 1048576K
}
Event: 2291.864 GC heap after
{Heap after GC invocations=1819 (full 1731):
 PSYoungGen      total 45056K, used 31744K [0x00000000f5580000, 0x00000000f9100000, 0x0000000100000000)
  eden space 31744K, 100% used [0x00000000f5580000,0x00000000f7480000,0x00000000f7480000)
  from space 13312K, 0% used [0x00000000f7480000,0x00000000f7480000,0x00000000f8180000)
  to   space 13312K, 0% used [0x00000000f8180000,0x00000000f8180000,0x00000000f8e80000)
 ParOldGen       total 349696K, used 349695K [0x00000000e0000000, 0x00000000f5580000, 0x00000000f5580000)
  object space 349696K, 99% used [0x00000000e0000000,0x00000000f557ffe0,0x00000000f5580000)
 Metaspace       used 61039K, committed 61952K, reserved 1105920K
  class space    used 6019K, committed 6400K, reserved 1048576K
}
Event: 2291.865 GC heap before
{Heap before GC invocations=1820 (full 1732):
 PSYoungGen      total 45056K, used 31744K [0x00000000f5580000, 0x00000000f9100000, 0x0000000100000000)
  eden space 31744K, 100% used [0x00000000f5580000,0x00000000f7480000,0x00000000f7480000)
  from space 13312K, 0% used [0x00000000f7480000,0x00000000f7480000,0x00000000f8180000)
  to   space 13312K, 0% used [0x00000000f8180000,0x00000000f8180000,0x00000000f8e80000)
 ParOldGen       total 349696K, used 349695K [0x00000000e0000000, 0x00000000f5580000, 0x00000000f5580000)
  object space 349696K, 99% used [0x00000000e0000000,0x00000000f557fff8,0x00000000f5580000)
 Metaspace       used 61039K, committed 61952K, reserved 1105920K
  class space    used 6019K, committed 6400K, reserved 1048576K
}
Event: 2292.892 GC heap after
{Heap after GC invocations=1820 (full 1732):
 PSYoungGen      total 45056K, used 31744K [0x00000000f5580000, 0x00000000f9100000, 0x0000000100000000)
  eden space 31744K, 100% used [0x00000000f5580000,0x00000000f7480000,0x00000000f7480000)
  from space 13312K, 0% used [0x00000000f8180000,0x00000000f8180000,0x00000000f8e80000)
  to   space 13312K, 0% used [0x00000000f7480000,0x00000000f7480000,0x00000000f8180000)
 ParOldGen       total 349696K, used 349695K [0x00000000e0000000, 0x00000000f5580000, 0x00000000f5580000)
  object space 349696K, 99% used [0x00000000e0000000,0x00000000f557fff8,0x00000000f5580000)
 Metaspace       used 61039K, committed 61952K, reserved 1105920K
  class space    used 6019K, committed 6400K, reserved 1048576K
}
Event: 2292.892 GC heap before
{Heap before GC invocations=1821 (full 1733):
 PSYoungGen      total 45056K, used 31744K [0x00000000f5580000, 0x00000000f9100000, 0x0000000100000000)
  eden space 31744K, 100% used [0x00000000f5580000,0x00000000f7480000,0x00000000f7480000)
  from space 13312K, 0% used [0x00000000f8180000,0x00000000f8180000,0x00000000f8e80000)
  to   space 13312K, 0% used [0x00000000f7480000,0x00000000f7480000,0x00000000f8180000)
 ParOldGen       total 349696K, used 349695K [0x00000000e0000000, 0x00000000f5580000, 0x00000000f5580000)
  object space 349696K, 99% used [0x00000000e0000000,0x00000000f557fff8,0x00000000f5580000)
 Metaspace       used 61039K, committed 61952K, reserved 1105920K
  class space    used 6019K, committed 6400K, reserved 1048576K
}
Event: 2294.096 GC heap after
{Heap after GC invocations=1821 (full 1733):
 PSYoungGen      total 45056K, used 31744K [0x00000000f5580000, 0x00000000f9100000, 0x0000000100000000)
  eden space 31744K, 100% used [0x00000000f5580000,0x00000000f7480000,0x00000000f7480000)
  from space 13312K, 0% used [0x00000000f7480000,0x00000000f7480000,0x00000000f8180000)
  to   space 13312K, 0% used [0x00000000f8180000,0x00000000f8180000,0x00000000f8e80000)
 ParOldGen       total 349696K, used 349695K [0x00000000e0000000, 0x00000000f5580000, 0x00000000f5580000)
  object space 349696K, 99% used [0x00000000e0000000,0x00000000f557fff8,0x00000000f5580000)
 Metaspace       used 61039K, committed 61952K, reserved 1105920K
  class space    used 6019K, committed 6400K, reserved 1048576K
}

Dll operation events (9 events):
Event: 0.003 Loaded shared library /nix/store/gpxl5qgg8kicmcvivwmybwjlpf7wh20l-graalvm17-ce-22.3.0/lib/libjava.so
Event: 0.025 Loaded shared library /nix/store/gpxl5qgg8kicmcvivwmybwjlpf7wh20l-graalvm17-ce-22.3.0/lib/libjsvml.so
Event: 0.345 Loaded shared library /nix/store/gpxl5qgg8kicmcvivwmybwjlpf7wh20l-graalvm17-ce-22.3.0/lib/libnio.so
Event: 0.353 Loaded shared library /nix/store/gpxl5qgg8kicmcvivwmybwjlpf7wh20l-graalvm17-ce-22.3.0/lib/libjvmcicompiler.so
Event: 0.362 Loaded shared library /nix/store/gpxl5qgg8kicmcvivwmybwjlpf7wh20l-graalvm17-ce-22.3.0/lib/libzip.so
Event: 0.778 Loaded shared library /nix/store/gpxl5qgg8kicmcvivwmybwjlpf7wh20l-graalvm17-ce-22.3.0/lib/libjimage.so
Event: 1.362 Loaded shared library /nix/store/gpxl5qgg8kicmcvivwmybwjlpf7wh20l-graalvm17-ce-22.3.0/lib/libnet.so
Event: 5.070 Loaded shared library /home/runner/.cache/jdt-language-server/config/org.eclipse.equinox.launcher/org.eclipse.equinox.launcher.gtk.linux.x86_64_1.2.400.v20211117-0650/eclipse_11600.so
Event: 21.194 Loaded shared library /nix/store/gpxl5qgg8kicmcvivwmybwjlpf7wh20l-graalvm17-ce-22.3.0/lib/libextnet.so

Deoptimization events (20 events):
Event: 1020.496 Thread 0x00007fb4700b2210 Uncommon trap: trap_request=0xffffffcd fr.pc=0x00007fb45f21b080 relative=0x0000000000000a80
Event: 1020.496 Thread 0x00007fb4700b2210 Uncommon trap: reason=intrinsic_or_type_checked_inlining action=reinterpret pc=0x00007fb45f21b080 method=java.io.DataOutputStream.write([BII)V @ 0 jvmci
Event: 1020.496 Thread 0x00007fb4700b2210 DEOPT PACKING pc=0x00007fb45f21b080 sp=0x00007fb474517fa0
Event: 1020.496 Thread 0x00007fb4700b2210 DEOPT UNPACKING pc=0x00007fb457505325 sp=0x00007fb4745173d0 mode 3
Event: 2246.025 Thread 0x00007fb47035d670 Uncommon trap: trap_request=0xffffff8f fr.pc=0x00007fb45f180e61 relative=0x0000000000000981
Event: 2246.025 Thread 0x00007fb47035d670 Uncommon trap: reason=constraint action=none pc=0x00007fb45f180e61 method=java.util.HashMap.putVal(ILjava/lang/Object;Ljava/lang/Object;ZZ)Ljava/lang/Object; @ 29 jvmci
Event: 2246.025 Thread 0x00007fb47035d670 DEOPT PACKING pc=0x00007fb45f180e61 sp=0x00007fb41e5fca60
Event: 2246.025 Thread 0x00007fb47035d670 DEOPT UNPACKING pc=0x00007fb457505325 sp=0x00007fb41e5fbf00 mode 3
Event: 2251.299 Thread 0x00007fb4084962d0 Uncommon trap: trap_request=0xffffff8f fr.pc=0x00007fb45f1fdf28 relative=0x00000000000011e8
Event: 2251.299 Thread 0x00007fb4084962d0 Uncommon trap: reason=constraint action=none pc=0x00007fb45f1fdf28 method=org.eclipse.jdt.internal.core.index.DiskIndex.copyQueryResults(Lorg/eclipse/jdt/internal/compiler/util/HashtableOfObject;I)V @ 123 jvmci
Event: 2251.299 Thread 0x00007fb4084962d0 DEOPT PACKING pc=0x00007fb45f1fdf28 sp=0x00007fb41ebfe530
Event: 2251.299 Thread 0x00007fb4084962d0 DEOPT UNPACKING pc=0x00007fb457505325 sp=0x00007fb41ebfda28 mode 3
Event: 2261.569 Thread 0x00007fb408849190 Uncommon trap: trap_request=0xffffff8f fr.pc=0x00007fb45ef98f94 relative=0x0000000000000274
Event: 2261.569 Thread 0x00007fb408849190 Uncommon trap: reason=constraint action=none pc=0x00007fb45ef98f94 method=java.lang.StringLatin1.newString([BII)Ljava/lang/String; @ 0 jvmci
Event: 2263.902 Thread 0x00007fb408849190 DEOPT PACKING pc=0x00007fb45ef98f94 sp=0x00007fb41e3fe4b0
Event: 2263.902 Thread 0x00007fb408849190 DEOPT UNPACKING pc=0x00007fb457505325 sp=0x00007fb41e3fd940 mode 3
Event: 2284.367 Thread 0x00007fb40c1523a0 Uncommon trap: trap_request=0xffffff8f fr.pc=0x00007fb45f050cf7 relative=0x00000000000000d7
Event: 2284.367 Thread 0x00007fb40c1523a0 Uncommon trap: reason=constraint action=none pc=0x00007fb45f050cf7 method=java.util.ArrayList.iterator()Ljava/util/Iterator; @ 0 jvmci
Event: 2285.385 Thread 0x00007fb40c1523a0 DEOPT PACKING pc=0x00007fb45f050cf7 sp=0x00007fb41e9fc900
Event: 2285.385 Thread 0x00007fb40c1523a0 DEOPT UNPACKING pc=0x00007fb457505325 sp=0x00007fb41e9fbda0 mode 3

Classes unloaded (20 events):
Event: 191.043 Thread 0x00007fb4700a1c10 Unloading class 0x0000000801125800 'jdk/internal/reflect/GeneratedSerializationConstructorAccessor13'
Event: 191.043 Thread 0x00007fb4700a1c10 Unloading class 0x0000000801125400 'jdk/internal/reflect/GeneratedSerializationConstructorAccessor12'
Event: 191.043 Thread 0x00007fb4700a1c10 Unloading class 0x0000000801125000 'jdk/internal/reflect/GeneratedMethodAccessor12'
Event: 191.043 Thread 0x00007fb4700a1c10 Unloading class 0x0000000801124800 'jdk/internal/reflect/GeneratedSerializationConstructorAccessor11'
Event: 191.043 Thread 0x00007fb4700a1c10 Unloading class 0x0000000801124400 'jdk/internal/reflect/GeneratedSerializationConstructorAccessor10'
Event: 191.043 Thread 0x00007fb4700a1c10 Unloading class 0x0000000801124000 'jdk/internal/reflect/GeneratedSerializationConstructorAccessor9'
Event: 191.043 Thread 0x00007fb4700a1c10 Unloading class 0x0000000801122400 'jdk/internal/reflect/GeneratedSerializationConstructorAccessor8'
Event: 191.043 Thread 0x00007fb4700a1c10 Unloading class 0x0000000801118000 'jdk/internal/reflect/GeneratedSerializationConstructorAccessor7'
Event: 191.043 Thread 0x00007fb4700a1c10 Unloading class 0x0000000801115c00 'jdk/internal/reflect/GeneratedSerializationConstructorAccessor6'
Event: 191.043 Thread 0x00007fb4700a1c10 Unloading class 0x0000000801115800 'jdk/internal/reflect/GeneratedSerializationConstructorAccessor5'
Event: 191.043 Thread 0x00007fb4700a1c10 Unloading class 0x0000000801115400 'jdk/internal/reflect/GeneratedSerializationConstructorAccessor4'
Event: 191.043 Thread 0x00007fb4700a1c10 Unloading class 0x00000008010c8000 'jdk/internal/reflect/GeneratedSerializationConstructorAccessor3'
Event: 191.043 Thread 0x00007fb4700a1c10 Unloading class 0x0000000801098400 'jdk/internal/reflect/GeneratedSerializationConstructorAccessor2'
Event: 191.043 Thread 0x00007fb4700a1c10 Unloading class 0x0000000801098000 'jdk/internal/reflect/GeneratedSerializationConstructorAccessor1'
Event: 198.865 Thread 0x00007fb4700a1c10 Unloading class 0x00000008010ecc00 'jdk/internal/reflect/GeneratedMethodAccessor10'
Event: 198.865 Thread 0x00007fb4700a1c10 Unloading class 0x00000008010ec800 'jdk/internal/reflect/GeneratedMethodAccessor9'
Event: 198.865 Thread 0x00007fb4700a1c10 Unloading class 0x00000008010ec400 'jdk/internal/reflect/GeneratedMethodAccessor8'
Event: 198.865 Thread 0x00007fb4700a1c10 Unloading class 0x00000008010ec000 'jdk/internal/reflect/GeneratedMethodAccessor7'
Event: 200.727 Thread 0x00007fb4700a1c10 Unloading class 0x0000000801124c00 'jdk/internal/reflect/GeneratedMethodAccessor11'
Event: 223.280 Thread 0x00007fb4700a1c10 Unloading class 0x0000000801122000 'jdk/internal/reflect/GeneratedConstructorAccessor37'

Classes redefined (0 events):
No events

Internal exceptions (20 events):
Event: 56.957 Thread 0x00007fb40c14b230 Exception <a 'java/lang/NoSuchMethodError'{0x00000000f68a3dc8}: 'java.lang.Object java.lang.invoke.DirectMethodHandle$Holder.newInvokeSpecial(java.lang.Object, int, java.lang.Object, java.lang.Object, java.lang.Object)'> (0x00000000f68a3dc8) 
thrown [src/hotspot/share/interpreter/linkResolver.cpp, line 758]
Event: 57.211 Thread 0x00007fb40c14b230 Exception <a 'java/lang/NoSuchMethodError'{0x00000000f5d91a98}: 'void java.lang.invoke.DirectMethodHandle$Holder.invokeSpecial(java.lang.Object, java.lang.Object, int)'> (0x00000000f5d91a98) 
thrown [src/hotspot/share/interpreter/linkResolver.cpp, line 758]
Event: 58.125 Thread 0x00007fb40c14b230 Exception <a 'java/lang/NoSuchMethodError'{0x00000000f5c1eb58}: 'int java.lang.invoke.DirectMethodHandle$Holder.invokeSpecialIFC(java.lang.Object, java.lang.Object, java.lang.Object, java.lang.Object)'> (0x00000000f5c1eb58) 
thrown [src/hotspot/share/interpreter/linkResolver.cpp, line 758]
Event: 60.587 Thread 0x00007fb4084962d0 Implicit null exception at 0x00007fb45f1b4312 to 0x00007fb45f1b87f2
Event: 179.381 Thread 0x00005634da8f3dc0 Implicit null exception at 0x00007fb45f00ac89 to 0x00007fb45f00aec1
Event: 227.169 Thread 0x00007fb40c150350 Exception <a 'java/lang/ArrayIndexOutOfBoundsException'{0x00000000f746eb08}: Index 832 out of bounds for length 832> (0x00000000f746eb08) 
thrown [src/hotspot/share/interpreter/interpreterRuntime.cpp, line 428]
Event: 1445.359 Thread 0x00007fb40c150350 Exception <a 'java/lang/ArrayIndexOutOfBoundsException'{0x00000000f5560300}> (0x00000000f5560300) 
thrown [src/hotspot/share/runtime/sharedRuntime.cpp, line 628]
Event: 2246.025 Thread 0x00007fb47035d670 Exception <a 'java/lang/OutOfMemoryError'{0x00000000e0012e70}> (0x00000000e0012e70) 
thrown [src/hotspot/share/gc/shared/memAllocator.cpp, line 138]
Event: 2246.025 Thread 0x00007fb47035d670 Implicit null exception at 0x00007fb45f180b9f to 0x00007fb45f180e46
Event: 2251.299 Thread 0x00007fb4084962d0 Exception <a 'java/lang/OutOfMemoryError'{0x00000000e00128d0}> (0x00000000e00128d0) 
thrown [src/hotspot/share/gc/shared/memAllocator.cpp, line 138]
Event: 2251.299 Thread 0x00007fb4084962d0 Implicit null exception at 0x00007fb45f1fd98e to 0x00007fb45f1fdf0d
Event: 2261.569 Thread 0x00007fb408849190 Exception <a 'java/lang/OutOfMemoryError'{0x00000000e0012330}> (0x00000000e0012330) 
thrown [src/hotspot/share/gc/shared/memAllocator.cpp, line 138]
Event: 2261.569 Thread 0x00007fb408849190 Implicit null exception at 0x00007fb45ef98eaf to 0x00007fb45ef98f79
Event: 2263.902 Thread 0x00007fb3f00010d0 Exception <a 'java/lang/OutOfMemoryError'{0x00000000e0012650}> (0x00000000e0012650) 
thrown [src/hotspot/share/gc/shared/memAllocator.cpp, line 136]
Event: 2279.876 Thread 0x00007fb40c1523a0 Exception <a 'java/lang/OutOfMemoryError'{0x00000000e0012650}> (0x00000000e0012650) 
thrown [src/hotspot/share/gc/shared/memAllocator.cpp, line 136]
Event: 2284.367 Thread 0x00007fb40c1523a0 Exception <a 'java/lang/OutOfMemoryError'{0x00000000e0012330}> (0x00000000e0012330) 
thrown [src/hotspot/share/gc/shared/memAllocator.cpp, line 138]
Event: 2284.367 Thread 0x00007fb40c1523a0 Implicit null exception at 0x00007fb45f050cd8 to 0x00007fb45f050cdc
Event: 2287.491 Thread 0x00007fb4704b1ad0 Exception <a 'java/lang/OutOfMemoryError'{0x00000000e0012650}> (0x00000000e0012650) 
thrown [src/hotspot/share/gc/shared/memAllocator.cpp, line 136]
Event: 2291.864 Thread 0x00007fb4700b2210 Exception <a 'java/lang/OutOfMemoryError'{0x00000000e0012650}> (0x00000000e0012650) 
thrown [src/hotspot/share/gc/shared/memAllocator.cpp, line 136]
Event: 2294.096 Thread 0x00007fb4084962d0 Exception <a 'java/lang/OutOfMemoryError'{0x00000000e0012650}> (0x00000000e0012650) 
thrown [src/hotspot/share/gc/shared/memAllocator.cpp, line 136]

VM Operations (20 events):
Event: 2279.876 Executing VM operation: ParallelGCFailedAllocation done
Event: 2279.876 Executing VM operation: ParallelGCFailedAllocation
Event: 2280.979 Executing VM operation: ParallelGCFailedAllocation done
Event: 2280.979 Executing VM operation: ParallelGCFailedAllocation
Event: 2282.163 Executing VM operation: ParallelGCFailedAllocation done
Event: 2282.163 Executing VM operation: ParallelGCFailedAllocation
Event: 2284.367 Executing VM operation: ParallelGCFailedAllocation done
Event: 2284.367 Executing VM operation: ParallelGCFailedAllocation
Event: 2285.385 Executing VM operation: ParallelGCFailedAllocation done
Event: 2285.385 Executing VM operation: ParallelGCFailedAllocation
Event: 2287.491 Executing VM operation: ParallelGCFailedAllocation done
Event: 2287.491 Executing VM operation: ParallelGCFailedAllocation
Event: 2288.685 Executing VM operation: ParallelGCFailedAllocation done
Event: 2288.686 Executing VM operation: ParallelGCFailedAllocation
Event: 2289.764 Executing VM operation: ParallelGCFailedAllocation done
Event: 2289.764 Executing VM operation: ParallelGCFailedAllocation
Event: 2291.864 Executing VM operation: ParallelGCFailedAllocation done
Event: 2291.864 Executing VM operation: ParallelGCFailedAllocation
Event: 2294.096 Executing VM operation: ParallelGCFailedAllocation done
Event: 2294.096 Executing VM operation: ParallelGCFailedAllocation

Events (20 events):
Event: 368.258 Thread 0x00007fb3f0086de0 Thread added: 0x00007fb3f0086de0
Event: 368.258 Protecting memory [0x00007fb41e100000,0x00007fb41e104000] with protection modes 0
Event: 369.455 loading class java/io/InterruptedIOException
Event: 369.456 loading class java/io/InterruptedIOException done
Event: 370.665 loading class javax/net/ssl/SSLException
Event: 370.665 loading class javax/net/ssl/SSLException done
Event: 370.665 loading class java/lang/AssertionError
Event: 370.665 loading class java/lang/AssertionError done
Event: 370.666 Thread 0x00007fb408c7b5b0 Thread exited: 0x00007fb408c7b5b0
Event: 377.123 Thread 0x00007fb4200023a0 Thread exited: 0x00007fb4200023a0
Event: 434.368 Thread 0x00007fb408c7bdc0 Thread exited: 0x00007fb408c7bdc0
Event: 1604.385 Thread 0x00007fb40c150350 Thread exited: 0x00007fb40c150350
Event: 1762.567 Thread 0x00007fb4700b4b70 flushing nmethod 0x00007fb457ce1510
Event: 1762.568 Thread 0x00007fb4700b4b70 flushing nmethod 0x00007fb457eb5990
Event: 1762.568 Thread 0x00007fb4700b4b70 flushing nmethod 0x00007fb457eb5c90
Event: 1762.571 Thread 0x00007fb4700b4b70 flushing nmethod 0x00007fb458372790
Event: 1762.571 Thread 0x00007fb4700b4b70 flushing nmethod 0x00007fb45839ac10
Event: 1762.571 Thread 0x00007fb4700b4b70 flushing nmethod 0x00007fb4583a8410
Event: 1762.571 Thread 0x00007fb4700b4b70 flushing nmethod 0x00007fb4583aa190
Event: 1766.016 Thread 0x00007fb4700b4b70 flushing nmethod 0x00007fb458885290


Dynamic libraries:
e0000000-f5580000 rw-p 00000000 00:00 0 
f5580000-f9100000 rw-p 00000000 00:00 0 
f9100000-100000000 ---p 00000000 00:00 0 
800000000-800449000 rw-p 00001000 00:178e 4611686019135357769            /nix/store/gpxl5qgg8kicmcvivwmybwjlpf7wh20l-graalvm17-ce-22.3.0/lib/server/classes.jsa
800449000-800bc8000 r--p 0044a000 00:178e 4611686019135357769            /nix/store/gpxl5qgg8kicmcvivwmybwjlpf7wh20l-graalvm17-ce-22.3.0/lib/server/classes.jsa
800bc8000-800c00000 ---p 00000000 00:00 0 
800c00000-800c20000 rw-p 00000000 00:00 0 
800c20000-800c40000 rw-p 00000000 00:00 0 
800c40000-800cc0000 rw-p 00000000 00:00 0 
800cc0000-800d00000 rw-p 00000000 00:00 0 
800d00000-800dc0000 rw-p 00000000 00:00 0 
800dc0000-800e00000 rw-p 00000000 00:00 0 
800e00000-800f40000 rw-p 00000000 00:00 0 
800f40000-800fc0000 rw-p 00000000 00:00 0 
800fc0000-801000000 rw-p 00000000 00:00 0 
801000000-801240000 rw-p 00000000 00:00 0 
801240000-840c00000 ---p 00000000 00:00 0 
5634d8a9a000-5634d8a9b000 r-xp 00000000 00:178e 4611686019099417844      /nix/store/gpxl5qgg8kicmcvivwmybwjlpf7wh20l-graalvm17-ce-22.3.0/bin/.java-wrapped
5634d8a9c000-5634d8a9d000 r--p 00001000 00:178e 4611686019099417844      /nix/store/gpxl5qgg8kicmcvivwmybwjlpf7wh20l-graalvm17-ce-22.3.0/bin/.java-wrapped
5634d8a9d000-5634d8a9e000 rw-p 00002000 00:178e 4611686019099417844      /nix/store/gpxl5qgg8kicmcvivwmybwjlpf7wh20l-graalvm17-ce-22.3.0/bin/.java-wrapped
5634d8a9e000-5634d8a9f000 rw-p 00004000 00:178e 4611686019099417844      /nix/store/gpxl5qgg8kicmcvivwmybwjlpf7wh20l-graalvm17-ce-22.3.0/bin/.java-wrapped
5634d8a9f000-5634d8aa0000 rw-p 00005000 00:178e 4611686019099417844      /nix/store/gpxl5qgg8kicmcvivwmybwjlpf7wh20l-graalvm17-ce-22.3.0/bin/.java-wrapped
5634da8ca000-5634daa21000 rw-p 00000000 00:00 0                          [heap]
7fb3e64b3000-7fb3f0000000 r--s 00000000 00:178e 4611686019135192581      /nix/store/gpxl5qgg8kicmcvivwmybwjlpf7wh20l-graalvm17-ce-22.3.0/lib/modules
7fb3f0000000-7fb3f00aa000 rw-p 00000000 00:00 0 
7fb3f00aa000-7fb3f4000000 ---p 00000000 00:00 0 
7fb3f6c00000-7fb3f72b0000 rw-p 00000000 00:00 0 
7fb3f72b0000-7fb3f7400000 ---p 00000000 00:00 0 
7fb3f7400000-7fb3f7700000 rw-p 00000000 00:00 0 
7fb3f7700000-7fb3f7790000 rw-p 00000000 00:00 0 
7fb3f7790000-7fb3f7800000 ---p 00000000 00:00 0 
7fb3f7800000-7fb3f7a60000 rw-p 00000000 00:00 0 
7fb3f7a60000-7fb3f7c00000 rw-p 00000000 00:00 0 
7fb3f8000000-7fb3f8021000 rw-p 00000000 00:00 0 
7fb3f8021000-7fb3fc000000 ---p 00000000 00:00 0 
7fb3fc000000-7fb3fc311000 rw-p 00000000 00:00 0 
7fb3fc311000-7fb400000000 ---p 00000000 00:00 0 
7fb400000000-7fb400021000 rw-p 00000000 00:00 0 
7fb400021000-7fb404000000 ---p 00000000 00:00 0 
7fb405000000-7fb4051c0000 rw-p 00000000 00:00 0 
7fb4051c0000-7fb405200000 rw-p 00000000 00:00 0 
7fb405200000-7fb405500000 rw-p 00000000 00:00 0 
7fb405500000-7fb405600000 rw-p 00000000 00:00 0 
7fb405600000-7fb405800000 rw-p 00000000 00:00 0 
7fb405800000-7fb4058e0000 rw-p 00000000 00:00 0 
7fb4058e0000-7fb405900000 rw-p 00000000 00:00 0 
7fb405900000-7fb405b00000 rw-p 00000000 00:00 0 
7fb405b00000-7fb405b80000 rw-p 00000000 00:00 0 
7fb405b80000-7fb405c00000 rw-p 00000000 00:00 0 
7fb405c00000-7fb405d00000 rw-p 00000000 00:00 0 
7fb405d00000-7fb405e00000 rw-p 00000000 00:00 0 
7fb405e00000-7fb406000000 rw-p 00000000 00:00 0 
7fb406000000-7fb406100000 rw-p 00000000 00:00 0 
7fb406100000-7fb406200000 rw-p 00000000 00:00 0 
7fb406200000-7fb406800000 rw-p 00000000 00:00 0 
7fb406800000-7fb406900000 rw-p 00000000 00:00 0 
7fb406900000-7fb406a00000 rw-p 00000000 00:00 0 
7fb406a00000-7fb406d00000 rw-p 00000000 00:00 0 
7fb406d00000-7fb406e00000 rw-p 00000000 00:00 0 
7fb406e00000-7fb407000000 rw-p 00000000 00:00 0 
7fb408000000-7fb408d4f000 rw-p 00000000 00:00 0 
7fb408d4f000-7fb40c000000 ---p 00000000 00:00 0 
7fb40c000000-7fb40c16d000 rw-p 00000000 00:00 0 
7fb40c16d000-7fb410000000 ---p 00000000 00:00 0 
7fb410000000-7fb410021000 rw-p 00000000 00:00 0 
7fb410021000-7fb414000000 ---p 00000000 00:00 0 
7fb414000000-7fb414021000 rw-p 00000000 00:00 0 
7fb414021000-7fb418000000 ---p 00000000 00:00 0 
7fb418000000-7fb418021000 rw-p 00000000 00:00 0 
7fb418021000-7fb41c000000 ---p 00000000 00:00 0 
7fb41c200000-7fb41c210000 r-xp 00000000 00:178b 358                      /home/runner/.cache/jdt-language-server/config/org.eclipse.equinox.launcher/org.eclipse.equinox.launcher.gtk.linux.x86_64_1.2.400.v20211117-0650/eclipse_11600.so
7fb41c210000-7fb41c40f000 ---p 00010000 00:178b 358                      /home/runner/.cache/jdt-language-server/config/org.eclipse.equinox.launcher/org.eclipse.equinox.launcher.gtk.linux.x86_64_1.2.400.v20211117-0650/eclipse_11600.so
7fb41c40f000-7fb41c410000 r--p 0000f000 00:178b 358                      /home/runner/.cache/jdt-language-server/config/org.eclipse.equinox.launcher/org.eclipse.equinox.launcher.gtk.linux.x86_64_1.2.400.v20211117-0650/eclipse_11600.so
7fb41c410000-7fb41c411000 rw-p 00010000 00:178b 358                      /home/runner/.cache/jdt-language-server/config/org.eclipse.equinox.launcher/org.eclipse.equinox.launcher.gtk.linux.x86_64_1.2.400.v20211117-0650/eclipse_11600.so
7fb41c500000-7fb41c600000 ---p 00000000 00:00 0 
7fb41c600000-7fb41cbaf000 r--p 01122000 00:178e 4611686019135190040      /nix/store/gpxl5qgg8kicmcvivwmybwjlpf7wh20l-graalvm17-ce-22.3.0/lib/libjvmcicompiler.so
7fb41cbaf000-7fb41cd00000 r--p 00000000 00:00 0 
7fb41cd00000-7fb41cd3d000 rw-p 00000000 00:00 0 
7fb41cd3d000-7fb41d25d000 rw-p 0185f000 00:178e 4611686019135190040      /nix/store/gpxl5qgg8kicmcvivwmybwjlpf7wh20l-graalvm17-ce-22.3.0/lib/libjvmcicompiler.so
7fb41d25d000-7fb41d644000 r--p 01d7f000 00:178e 4611686019135190040      /nix/store/gpxl5qgg8kicmcvivwmybwjlpf7wh20l-graalvm17-ce-22.3.0/lib/libjvmcicompiler.so
7fb41d700000-7fb41d704000 ---p 00000000 00:00 0 
7fb41d704000-7fb41d800000 rw-p 00000000 00:00 0 
7fb41d900000-7fb41d904000 ---p 00000000 00:00 0 
7fb41d904000-7fb41da00000 rw-p 00000000 00:00 0 
7fb41db00000-7fb41db04000 ---p 00000000 00:00 0 
7fb41db04000-7fb41dc00000 rw-p 00000000 00:00 0 
7fb41dd00000-7fb41dd04000 ---p 00000000 00:00 0 
7fb41dd04000-7fb41de00000 rw-p 00000000 00:00 0 
7fb41df00000-7fb41df04000 ---p 00000000 00:00 0 
7fb41df04000-7fb41e000000 rw-p 00000000 00:00 0 
7fb41e100000-7fb41e104000 ---p 00000000 00:00 0 
7fb41e104000-7fb41e200000 rw-p 00000000 00:00 0 
7fb41e300000-7fb41e304000 ---p 00000000 00:00 0 
7fb41e304000-7fb41e400000 rw-p 00000000 00:00 0 
7fb41e500000-7fb41e504000 ---p 00000000 00:00 0 
7fb41e504000-7fb41e600000 rw-p 00000000 00:00 0 
7fb41e700000-7fb41e704000 ---p 00000000 00:00 0 
7fb41e704000-7fb41e800000 rw-p 00000000 00:00 0 
7fb41e800000-7fb41e804000 ---p 00000000 00:00 0 
7fb41e804000-7fb41e900000 rw-p 00000000 00:00 0 
7fb41e900000-7fb41e904000 ---p 00000000 00:00 0 
7fb41e904000-7fb41ea00000 rw-p 00000000 00:00 0 
7fb41ea00000-7fb41ea04000 ---p 00000000 00:00 0 
7fb41ea04000-7fb41eb00000 rw-p 00000000 00:00 0 
7fb41eb00000-7fb41eb04000 ---p 00000000 00:00 0 
7fb41eb04000-7fb41ec00000 rw-p 00000000 00:00 0 
7fb41ed00000-7fb41ed04000 ---p 00000000 00:00 0 
7fb41ed04000-7fb41ee00000 rw-p 00000000 00:00 0 
7fb41fa68000-7fb41ff00000 rw-p 00000000 00:00 0 
7fb420000000-7fb420021000 rw-p 00000000 00:00 0 
7fb420021000-7fb424000000 ---p 00000000 00:00 0 
7fb424000000-7fb424031000 rw-p 00000000 00:00 0 
7fb424031000-7fb428000000 ---p 00000000 00:00 0 
7fb428000000-7fb428021000 rw-p 00000000 00:00 0 
7fb428021000-7fb42c000000 ---p 00000000 00:00 0 
7fb42c000000-7fb42c021000 rw-p 00000000 00:00 0 
7fb42c021000-7fb430000000 ---p 00000000 00:00 0 
7fb430000000-7fb4300e7000 rw-p 00000000 00:00 0 
7fb4300e7000-7fb434000000 ---p 00000000 00:00 0 
7fb434000000-7fb434b1f000 rw-p 00000000 00:00 0 
7fb434b1f000-7fb438000000 ---p 00000000 00:00 0 
7fb438000000-7fb438021000 rw-p 00000000 00:00 0 
7fb438021000-7fb43c000000 ---p 00000000 00:00 0 
7fb43c000000-7fb43c021000 rw-p 00000000 00:00 0 
7fb43c021000-7fb440000000 ---p 00000000 00:00 0 
7fb440000000-7fb440021000 rw-p 00000000 00:00 0 
7fb440021000-7fb444000000 ---p 00000000 00:00 0 
7fb444000000-7fb444255000 rw-p 00000000 00:00 0 
7fb444255000-7fb448000000 ---p 00000000 00:00 0 
7fb448000000-7fb448021000 rw-p 00000000 00:00 0 
7fb448021000-7fb44c000000 ---p 00000000 00:00 0 
7fb44c000000-7fb44c021000 rw-p 00000000 00:00 0 
7fb44c021000-7fb450000000 ---p 00000000 00:00 0 
7fb450000000-7fb450073000 rw-p 00000000 00:00 0 
7fb450073000-7fb454000000 ---p 00000000 00:00 0 
7fb454100000-7fb454104000 ---p 00000000 00:00 0 
7fb454104000-7fb454200000 rw-p 00000000 00:00 0 
7fb454200000-7fb454204000 ---p 00000000 00:00 0 
7fb454204000-7fb454300000 rw-p 00000000 00:00 0 
7fb454300000-7fb454304000 ---p 00000000 00:00 0 
7fb454304000-7fb454400000 rw-p 00000000 00:00 0 
7fb454500000-7fb454504000 ---p 00000000 00:00 0 
7fb454504000-7fb454600000 rw-p 00000000 00:00 0 
7fb454700000-7fb454704000 ---p 00000000 00:00 0 
7fb454704000-7fb454800000 rw-p 00000000 00:00 0 
7fb454900000-7fb454904000 ---p 00000000 00:00 0 
7fb454904000-7fb454a00000 rw-p 00000000 00:00 0 
7fb454a00000-7fb454a04000 ---p 00000000 00:00 0 
7fb454a04000-7fb454b00000 rw-p 00000000 00:00 0 
7fb454b00000-7fb454b04000 ---p 00000000 00:00 0 
7fb454b04000-7fb454c00000 rw-p 00000000 00:00 0 
7fb454d00000-7fb454d04000 ---p 00000000 00:00 0 
7fb454d04000-7fb454e00000 rw-p 00000000 00:00 0 
7fb454e00000-7fb456f6a000 r-xp 00000000 00:178e 4611686019135190040      /nix/store/gpxl5qgg8kicmcvivwmybwjlpf7wh20l-graalvm17-ce-22.3.0/lib/libjvmcicompiler.so
7fb456f6a000-7fb457169000 ---p 0216a000 00:178e 4611686019135190040      /nix/store/gpxl5qgg8kicmcvivwmybwjlpf7wh20l-graalvm17-ce-22.3.0/lib/libjvmcicompiler.so
7fb457169000-7fb45716a000 r--p 02169000 00:178e 4611686019135190040      /nix/store/gpxl5qgg8kicmcvivwmybwjlpf7wh20l-graalvm17-ce-22.3.0/lib/libjvmcicompiler.so
7fb45716a000-7fb45716c000 rw-p 0216a000 00:178e 4611686019135190040      /nix/store/gpxl5qgg8kicmcvivwmybwjlpf7wh20l-graalvm17-ce-22.3.0/lib/libjvmcicompiler.so
7fb45716c000-7fb45716d000 rw-p 00000000 00:00 0 
7fb45716d000-7fb457172000 rw-p 023c3000 00:178e 4611686019135190040      /nix/store/gpxl5qgg8kicmcvivwmybwjlpf7wh20l-graalvm17-ce-22.3.0/lib/libjvmcicompiler.so
7fb4571b1000-7fb4571b2000 ---p 00000000 00:00 0 
7fb4571b2000-7fb4572b3000 rw-p 00000000 00:00 0 
7fb4572b3000-7fb4572b7000 ---p 00000000 00:00 0 
7fb4572b7000-7fb4573b3000 rw-p 00000000 00:00 0 
7fb4573b3000-7fb4573b7000 ---p 00000000 00:00 0 
7fb4573b7000-7fb4574b3000 rw-p 00000000 00:00 0 
7fb4574b3000-7fb457723000 rwxp 00000000 00:00 0 
7fb457723000-7fb457a42000 ---p 00000000 00:00 0 
7fb457a42000-7fb458a62000 rwxp 00000000 00:00 0 
7fb458a62000-7fb45ef7a000 ---p 00000000 00:00 0 
7fb45ef7a000-7fb45f24a000 rwxp 00000000 00:00 0 
7fb45f24a000-7fb4664b3000 ---p 00000000 00:00 0 
7fb4664b3000-7fb470000000 r--s 00000000 00:178e 4611686019135192581      /nix/store/gpxl5qgg8kicmcvivwmybwjlpf7wh20l-graalvm17-ce-22.3.0/lib/modules
7fb470000000-7fb470601000 rw-p 00000000 00:00 0 
7fb470601000-7fb474000000 ---p 00000000 00:00 0 
7fb47401a000-7fb47401e000 ---p 00000000 00:00 0 
7fb47401e000-7fb47411a000 rw-p 00000000 00:00 0 
7fb47411a000-7fb47411e000 ---p 00000000 00:00 0 
7fb47411e000-7fb47431a000 rw-p 00000000 00:00 0 
7fb47431a000-7fb47431e000 ---p 00000000 00:00 0 
7fb47431e000-7fb47451a000 rw-p 00000000 00:00 0 
7fb47451a000-7fb47451e000 ---p 00000000 00:00 0 
7fb47451e000-7fb47461a000 rw-p 00000000 00:00 0 
7fb47461a000-7fb47461e000 ---p 00000000 00:00 0 
7fb47461e000-7fb47471a000 rw-p 00000000 00:00 0 
7fb47471a000-7fb47471e000 ---p 00000000 00:00 0 
7fb47471e000-7fb47481a000 rw-p 00000000 00:00 0 
7fb47481a000-7fb474b00000 r--p 00000000 00:1725 28444448                 /usr/lib/locale/locale-archive
7fb474b00000-7fb474b04000 ---p 00000000 00:00 0 
7fb474b04000-7fb475000000 rw-p 00000000 00:00 0 
7fb475000000-7fb475300000 rw-p 00000000 00:00 0 
7fb475300000-7fb475400000 rw-p 00000000 00:00 0 
7fb475416000-7fb475418000 r-xp 00000000 00:178e 4611686019135190017      /nix/store/gpxl5qgg8kicmcvivwmybwjlpf7wh20l-graalvm17-ce-22.3.0/lib/libextnet.so
7fb475418000-7fb475419000 r--p 00001000 00:178e 4611686019135190017      /nix/store/gpxl5qgg8kicmcvivwmybwjlpf7wh20l-graalvm17-ce-22.3.0/lib/libextnet.so
7fb475419000-7fb47541a000 rw-p 00002000 00:178e 4611686019135190017      /nix/store/gpxl5qgg8kicmcvivwmybwjlpf7wh20l-graalvm17-ce-22.3.0/lib/libextnet.so
7fb47541a000-7fb47541b000 rw-p 00004000 00:178e 4611686019135190017      /nix/store/gpxl5qgg8kicmcvivwmybwjlpf7wh20l-graalvm17-ce-22.3.0/lib/libextnet.so
7fb47541b000-7fb47541f000 ---p 00000000 00:00 0 
7fb47541f000-7fb47543d000 rw-p 00000000 00:00 0 
7fb47543d000-7fb475444000 r-xp 00000000 00:178e 4611686019135192580      /nix/store/gpxl5qgg8kicmcvivwmybwjlpf7wh20l-graalvm17-ce-22.3.0/lib/libzip.so
7fb475444000-7fb475445000 ---p 00007000 00:178e 4611686019135192580      /nix/store/gpxl5qgg8kicmcvivwmybwjlpf7wh20l-graalvm17-ce-22.3.0/lib/libzip.so
7fb475445000-7fb475446000 r--p 00007000 00:178e 4611686019135192580      /nix/store/gpxl5qgg8kicmcvivwmybwjlpf7wh20l-graalvm17-ce-22.3.0/lib/libzip.so
7fb475446000-7fb475447000 rw-p 00008000 00:178e 4611686019135192580      /nix/store/gpxl5qgg8kicmcvivwmybwjlpf7wh20l-graalvm17-ce-22.3.0/lib/libzip.so
7fb475447000-7fb475449000 rw-p 0000b000 00:178e 4611686019135192580      /nix/store/gpxl5qgg8kicmcvivwmybwjlpf7wh20l-graalvm17-ce-22.3.0/lib/libzip.so
7fb475449000-7fb47545e000 r-xp 00000000 00:178e 4611686019135192570      /nix/store/gpxl5qgg8kicmcvivwmybwjlpf7wh20l-graalvm17-ce-22.3.0/lib/libnet.so
7fb47545e000-7fb47545f000 ---p 00015000 00:178e 4611686019135192570      /nix/store/gpxl5qgg8kicmcvivwmybwjlpf7wh20l-graalvm17-ce-22.3.0/lib/libnet.so
7fb47545f000-7fb475460000 r--p 00015000 00:178e 4611686019135192570      /nix/store/gpxl5qgg8kicmcvivwmybwjlpf7wh20l-graalvm17-ce-22.3.0/lib/libnet.so
7fb475460000-7fb475461000 rw-p 00016000 00:178e 4611686019135192570      /nix/store/gpxl5qgg8kicmcvivwmybwjlpf7wh20l-graalvm17-ce-22.3.0/lib/libnet.so
7fb475461000-7fb475464000 rw-p 0001b000 00:178e 4611686019135192570      /nix/store/gpxl5qgg8kicmcvivwmybwjlpf7wh20l-graalvm17-ce-22.3.0/lib/libnet.so
7fb475464000-7fb475477000 r-xp 00000000 00:178e 4611686019135192571      /nix/store/gpxl5qgg8kicmcvivwmybwjlpf7wh20l-graalvm17-ce-22.3.0/lib/libnio.so
7fb475477000-7fb475478000 r--p 00012000 00:178e 4611686019135192571      /nix/store/gpxl5qgg8kicmcvivwmybwjlpf7wh20l-graalvm17-ce-22.3.0/lib/libnio.so
7fb475478000-7fb475479000 rw-p 00013000 00:178e 4611686019135192571      /nix/store/gpxl5qgg8kicmcvivwmybwjlpf7wh20l-graalvm17-ce-22.3.0/lib/libnio.so
7fb475479000-7fb47547e000 rw-p 00019000 00:178e 4611686019135192571      /nix/store/gpxl5qgg8kicmcvivwmybwjlpf7wh20l-graalvm17-ce-22.3.0/lib/libnio.so
7fb47547e000-7fb475482000 ---p 00000000 00:00 0 
7fb475482000-7fb47557e000 rw-p 00000000 00:00 0 
7fb47557e000-7fb47557f000 ---p 00000000 00:00 0 
7fb47557f000-7fb475680000 rw-p 00000000 00:00 0 
7fb475680000-7fb47574e000 r-xp 00000000 00:178e 4611686019135190036      /nix/store/gpxl5qgg8kicmcvivwmybwjlpf7wh20l-graalvm17-ce-22.3.0/lib/libjsvml.so
7fb47574e000-7fb47574f000 r--p 000cd000 00:178e 4611686019135190036      /nix/store/gpxl5qgg8kicmcvivwmybwjlpf7wh20l-graalvm17-ce-22.3.0/lib/libjsvml.so
7fb47574f000-7fb475750000 rw-p 000ce000 00:178e 4611686019135190036      /nix/store/gpxl5qgg8kicmcvivwmybwjlpf7wh20l-graalvm17-ce-22.3.0/lib/libjsvml.so
7fb475750000-7fb477028000 rw-p 00000000 00:00 0 
7fb477028000-7fb477029000 ---p 00000000 00:00 0 
7fb477029000-7fb4771d4000 rw-p 00000000 00:00 0 
7fb4771d4000-7fb4771f3000 rw-p 00000000 00:00 0 
7fb4771f3000-7fb47722a000 ---p 00000000 00:00 0 
7fb47722a000-7fb477231000 rw-p 00000000 00:00 0 
7fb477231000-7fb477316000 ---p 00000000 00:00 0 
7fb477316000-7fb477337000 rw-p 00000000 00:00 0 
7fb477337000-7fb477401000 ---p 00000000 00:00 0 
7fb477401000-7fb477406000 rw-p 00000000 00:00 0 
7fb477406000-7fb47740d000 ---p 00000000 00:00 0 
7fb47740d000-7fb477431000 r-xp 00000000 00:178e 4611686019135190028      /nix/store/gpxl5qgg8kicmcvivwmybwjlpf7wh20l-graalvm17-ce-22.3.0/lib/libjava.so
7fb477431000-7fb477432000 ---p 00024000 00:178e 4611686019135190028      /nix/store/gpxl5qgg8kicmcvivwmybwjlpf7wh20l-graalvm17-ce-22.3.0/lib/libjava.so
7fb477432000-7fb477433000 r--p 00024000 00:178e 4611686019135190028      /nix/store/gpxl5qgg8kicmcvivwmybwjlpf7wh20l-graalvm17-ce-22.3.0/lib/libjava.so
7fb477433000-7fb477434000 rw-p 00025000 00:178e 4611686019135190028      /nix/store/gpxl5qgg8kicmcvivwmybwjlpf7wh20l-graalvm17-ce-22.3.0/lib/libjava.so
7fb477434000-7fb477435000 rw-p 00000000 00:00 0 
7fb477435000-7fb47743c000 rw-p 0002f000 00:178e 4611686019135190028      /nix/store/gpxl5qgg8kicmcvivwmybwjlpf7wh20l-graalvm17-ce-22.3.0/lib/libjava.so
7fb47743c000-7fb477444000 rw-s 00000000 00:9b7 353                       /tmp/hsperfdata_runner/21
7fb477444000-7fb477445000 ---p 00000000 00:00 0 
7fb477445000-7fb477446000 r--p 00000000 00:00 0 
7fb477446000-7fb477447000 rwxp 00000000 00:00 0 
7fb477447000-7fb477462000 r-xp 00000000 00:178e 4611686019135190032      /nix/store/gpxl5qgg8kicmcvivwmybwjlpf7wh20l-graalvm17-ce-22.3.0/lib/libjimage.so
7fb477462000-7fb477463000 ---p 0001b000 00:178e 4611686019135190032      /nix/store/gpxl5qgg8kicmcvivwmybwjlpf7wh20l-graalvm17-ce-22.3.0/lib/libjimage.so
7fb477463000-7fb477465000 r--p 0001b000 00:178e 4611686019135190032      /nix/store/gpxl5qgg8kicmcvivwmybwjlpf7wh20l-graalvm17-ce-22.3.0/lib/libjimage.so
7fb477465000-7fb477466000 rw-p 0001d000 00:178e 4611686019135190032      /nix/store/gpxl5qgg8kicmcvivwmybwjlpf7wh20l-graalvm17-ce-22.3.0/lib/libjimage.so
7fb477466000-7fb477467000 rw-p 00024000 00:178e 4611686019135190032      /nix/store/gpxl5qgg8kicmcvivwmybwjlpf7wh20l-graalvm17-ce-22.3.0/lib/libjimage.so
7fb477467000-7fb47746b000 ---p 00000000 00:00 0 
7fb47746b000-7fb477567000 rw-p 00000000 00:00 0 
7fb477567000-7fb477575000 r--p 00000000 00:178e 4611686019027979927      /nix/store/4nlgxhb09sdr51nc9hdm8az5b08vzkgx-glibc-2.35-163/lib/libm.so.6
7fb477575000-7fb4775e8000 r-xp 0000e000 00:178e 4611686019027979927      /nix/store/4nlgxhb09sdr51nc9hdm8az5b08vzkgx-glibc-2.35-163/lib/libm.so.6
7fb4775e8000-7fb477645000 r--p 00081000 00:178e 4611686019027979927      /nix/store/4nlgxhb09sdr51nc9hdm8az5b08vzkgx-glibc-2.35-163/lib/libm.so.6
7fb477645000-7fb477646000 r--p 000dd000 00:178e 4611686019027979927      /nix/store/4nlgxhb09sdr51nc9hdm8az5b08vzkgx-glibc-2.35-163/lib/libm.so.6
7fb477646000-7fb477647000 rw-p 000de000 00:178e 4611686019027979927      /nix/store/4nlgxhb09sdr51nc9hdm8az5b08vzkgx-glibc-2.35-163/lib/libm.so.6
7fb477647000-7fb477648000 r--p 00000000 00:178e 4611686019027979946      /nix/store/4nlgxhb09sdr51nc9hdm8az5b08vzkgx-glibc-2.35-163/lib/librt.so.1
7fb477648000-7fb477649000 r-xp 00001000 00:178e 4611686019027979946      /nix/store/4nlgxhb09sdr51nc9hdm8az5b08vzkgx-glibc-2.35-163/lib/librt.so.1
7fb477649000-7fb47764a000 r--p 00002000 00:178e 4611686019027979946      /nix/store/4nlgxhb09sdr51nc9hdm8az5b08vzkgx-glibc-2.35-163/lib/librt.so.1
7fb47764a000-7fb47764b000 r--p 00002000 00:178e 4611686019027979946      /nix/store/4nlgxhb09sdr51nc9hdm8az5b08vzkgx-glibc-2.35-163/lib/librt.so.1
7fb47764b000-7fb47764c000 rw-p 00003000 00:178e 4611686019027979946      /nix/store/4nlgxhb09sdr51nc9hdm8az5b08vzkgx-glibc-2.35-163/lib/librt.so.1
7fb47764c000-7fb47875f000 r-xp 00000000 00:178e 4611686019135360866      /nix/store/gpxl5qgg8kicmcvivwmybwjlpf7wh20l-graalvm17-ce-22.3.0/lib/server/libjvm.so
7fb47875f000-7fb478760000 ---p 01113000 00:178e 4611686019135360866      /nix/store/gpxl5qgg8kicmcvivwmybwjlpf7wh20l-graalvm17-ce-22.3.0/lib/server/libjvm.so
7fb478760000-7fb478815000 r--p 01113000 00:178e 4611686019135360866      /nix/store/gpxl5qgg8kicmcvivwmybwjlpf7wh20l-graalvm17-ce-22.3.0/lib/server/libjvm.so
7fb478815000-7fb478849000 rw-p 011c8000 00:178e 4611686019135360866      /nix/store/gpxl5qgg8kicmcvivwmybwjlpf7wh20l-graalvm17-ce-22.3.0/lib/server/libjvm.so
7fb478849000-7fb4788a5000 rw-p 00000000 00:00 0 
7fb4788a5000-7fb4788cd000 r--p 00000000 00:178e 4611686019027979918      /nix/store/4nlgxhb09sdr51nc9hdm8az5b08vzkgx-glibc-2.35-163/lib/libc.so.6
7fb4788cd000-7fb478a43000 r-xp 00028000 00:178e 4611686019027979918      /nix/store/4nlgxhb09sdr51nc9hdm8az5b08vzkgx-glibc-2.35-163/lib/libc.so.6
7fb478a43000-7fb478a9b000 r--p 0019e000 00:178e 4611686019027979918      /nix/store/4nlgxhb09sdr51nc9hdm8az5b08vzkgx-glibc-2.35-163/lib/libc.so.6
7fb478a9b000-7fb478a9f000 r--p 001f6000 00:178e 4611686019027979918      /nix/store/4nlgxhb09sdr51nc9hdm8az5b08vzkgx-glibc-2.35-163/lib/libc.so.6
7fb478a9f000-7fb478aa1000 rw-p 001fa000 00:178e 4611686019027979918      /nix/store/4nlgxhb09sdr51nc9hdm8az5b08vzkgx-glibc-2.35-163/lib/libc.so.6
7fb478aa1000-7fb478ab0000 rw-p 00000000 00:00 0 
7fb478ab0000-7fb478ab1000 r--p 00000000 00:178e 4611686019027979923      /nix/store/4nlgxhb09sdr51nc9hdm8az5b08vzkgx-glibc-2.35-163/lib/libdl.so.2
7fb478ab1000-7fb478ab2000 r-xp 00001000 00:178e 4611686019027979923      /nix/store/4nlgxhb09sdr51nc9hdm8az5b08vzkgx-glibc-2.35-163/lib/libdl.so.2
7fb478ab2000-7fb478ab3000 r--p 00002000 00:178e 4611686019027979923      /nix/store/4nlgxhb09sdr51nc9hdm8az5b08vzkgx-glibc-2.35-163/lib/libdl.so.2
7fb478ab3000-7fb478ab4000 r--p 00002000 00:178e 4611686019027979923      /nix/store/4nlgxhb09sdr51nc9hdm8az5b08vzkgx-glibc-2.35-163/lib/libdl.so.2
7fb478ab4000-7fb478ab5000 rw-p 00003000 00:178e 4611686019027979923      /nix/store/4nlgxhb09sdr51nc9hdm8az5b08vzkgx-glibc-2.35-163/lib/libdl.so.2
7fb478ab5000-7fb478ab6000 r--p 00000000 00:178e 4611686019027979942      /nix/store/4nlgxhb09sdr51nc9hdm8az5b08vzkgx-glibc-2.35-163/lib/libpthread.so.0
7fb478ab6000-7fb478ab7000 r-xp 00001000 00:178e 4611686019027979942      /nix/store/4nlgxhb09sdr51nc9hdm8az5b08vzkgx-glibc-2.35-163/lib/libpthread.so.0
7fb478ab7000-7fb478ab8000 r--p 00002000 00:178e 4611686019027979942      /nix/store/4nlgxhb09sdr51nc9hdm8az5b08vzkgx-glibc-2.35-163/lib/libpthread.so.0
7fb478ab8000-7fb478ab9000 r--p 00002000 00:178e 4611686019027979942      /nix/store/4nlgxhb09sdr51nc9hdm8az5b08vzkgx-glibc-2.35-163/lib/libpthread.so.0
7fb478ab9000-7fb478aba000 rw-p 00003000 00:178e 4611686019027979942      /nix/store/4nlgxhb09sdr51nc9hdm8az5b08vzkgx-glibc-2.35-163/lib/libpthread.so.0
7fb478aba000-7fb478ac8000 r-xp 00000000 00:178e 4611686019135190033      /nix/store/gpxl5qgg8kicmcvivwmybwjlpf7wh20l-graalvm17-ce-22.3.0/lib/libjli.so
7fb478ac8000-7fb478ac9000 ---p 0000e000 00:178e 4611686019135190033      /nix/store/gpxl5qgg8kicmcvivwmybwjlpf7wh20l-graalvm17-ce-22.3.0/lib/libjli.so
7fb478ac9000-7fb478aca000 r--p 0000e000 00:178e 4611686019135190033      /nix/store/gpxl5qgg8kicmcvivwmybwjlpf7wh20l-graalvm17-ce-22.3.0/lib/libjli.so
7fb478aca000-7fb478acb000 rw-p 0000f000 00:178e 4611686019135190033      /nix/store/gpxl5qgg8kicmcvivwmybwjlpf7wh20l-graalvm17-ce-22.3.0/lib/libjli.so
7fb478acb000-7fb478acc000 rw-p 00012000 00:178e 4611686019135190033      /nix/store/gpxl5qgg8kicmcvivwmybwjlpf7wh20l-graalvm17-ce-22.3.0/lib/libjli.so
7fb478acc000-7fb478acf000 r--p 00000000 00:178e 4611686019106210071      /nix/store/026hln0aq1hyshaxsdvhg0kmcm6yf45r-zlib-1.2.13/lib/libz.so.1.2.13
7fb478acf000-7fb478ae1000 r-xp 00003000 00:178e 4611686019106210071      /nix/store/026hln0aq1hyshaxsdvhg0kmcm6yf45r-zlib-1.2.13/lib/libz.so.1.2.13
7fb478ae1000-7fb478ae8000 r--p 00015000 00:178e 4611686019106210071      /nix/store/026hln0aq1hyshaxsdvhg0kmcm6yf45r-zlib-1.2.13/lib/libz.so.1.2.13
7fb478ae8000-7fb478ae9000 r--p 0001b000 00:178e 4611686019106210071      /nix/store/026hln0aq1hyshaxsdvhg0kmcm6yf45r-zlib-1.2.13/lib/libz.so.1.2.13
7fb478ae9000-7fb478aea000 rw-p 0001c000 00:178e 4611686019106210071      /nix/store/026hln0aq1hyshaxsdvhg0kmcm6yf45r-zlib-1.2.13/lib/libz.so.1.2.13
7fb478aea000-7fb478aec000 rw-p 00000000 00:00 0 
7fb478aec000-7fb478aee000 r--p 00000000 00:178e 4611686019027979912      /nix/store/4nlgxhb09sdr51nc9hdm8az5b08vzkgx-glibc-2.35-163/lib/ld-linux-x86-64.so.2
7fb478aee000-7fb478b15000 r-xp 00002000 00:178e 4611686019027979912      /nix/store/4nlgxhb09sdr51nc9hdm8az5b08vzkgx-glibc-2.35-163/lib/ld-linux-x86-64.so.2
7fb478b15000-7fb478b21000 r--p 00029000 00:178e 4611686019027979912      /nix/store/4nlgxhb09sdr51nc9hdm8az5b08vzkgx-glibc-2.35-163/lib/ld-linux-x86-64.so.2
7fb478b21000-7fb478b23000 r--p 00034000 00:178e 4611686019027979912      /nix/store/4nlgxhb09sdr51nc9hdm8az5b08vzkgx-glibc-2.35-163/lib/ld-linux-x86-64.so.2
7fb478b23000-7fb478b25000 rw-p 00036000 00:178e 4611686019027979912      /nix/store/4nlgxhb09sdr51nc9hdm8az5b08vzkgx-glibc-2.35-163/lib/ld-linux-x86-64.so.2
7fffd65eb000-7fffd6610000 rw-p 00000000 00:00 0                          [stack]
7fffd67b5000-7fffd67b9000 r--p 00000000 00:00 0                          [vvar]
7fffd67b9000-7fffd67bb000 r-xp 00000000 00:00 0                          [vdso]
ffffffffff600000-ffffffffff601000 --xp 00000000 00:00 0                  [vsyscall]


VM Arguments:
jvm_args: -XX:ThreadPriorityPolicy=1 -XX:+UnlockExperimentalVMOptions -XX:+EnableJVMCIProduct -XX:JVMCIThreadsPerNativeLibraryRuntime=1 -XX:-UnlockExperimentalVMOptions -Declipse.application=org.eclipse.jdt.ls.core.id1 -Dosgi.bundles.defaultStartLevel=4 -Declipse.product=org.eclipse.jdt.ls.core.product -Dlog.level=ALL -Xverify:none -XX:+UseParallelGC -XX:GCTimeRatio=4 -XX:AdaptiveSizePolicyWeight=90 -Dsun.zip.disableMemoryMapping=true -Xmx512m -Xms100m 
java_command: /nix/store/m6gcpi1ii6rghy04cjwjddcavv7i90df-jdt-language-server-1.9.0/share/java/plugins/org.eclipse.equinox.launcher_1.6.400.v20210924-0641.jar --add-modules=ALL-SYSTEM --add-opens java.base/java.util=ALL-UNNAMED --add-opens java.base/java.lang=ALL-UNNAMED -configuration /home/runner/.cache/jdt-language-server/config -data /home/runner/.cache/jdt-language-server/data/home/runner/Java-Basics
java_class_path (initial): /nix/store/m6gcpi1ii6rghy04cjwjddcavv7i90df-jdt-language-server-1.9.0/share/java/plugins/org.eclipse.equinox.launcher_1.6.400.v20210924-0641.jar
Launcher Type: SUN_STANDARD

[Global flags]
    uintx AdaptiveSizePolicyWeight                 = 90                                        {product} {command line}
     intx CICompilerCount                          = 2                                         {product} {ergonomic}
     bool EnableJVMCIProduct                       = true                                {JVMCI product} {jimage}
    uintx GCTimeRatio                              = 4                                         {product} {command line}
   size_t InitialHeapSize                          = 104857600                                 {product} {command line}
     uint JVMCIThreadsPerNativeLibraryRuntime      = 1                                   {JVMCI product} {jimage}
   size_t MaxHeapSize                              = 536870912                                 {product} {command line}
   size_t MaxNewSize                               = 178782208                                 {product} {ergonomic}
   size_t MinHeapDeltaBytes                        = 524288                                    {product} {ergonomic}
   size_t MinHeapSize                              = 104857600                                 {product} {command line}
   size_t NewSize                                  = 34603008                                  {product} {ergonomic}
    uintx NonNMethodCodeHeapSize                   = 5826188                                {pd product} {ergonomic}
    uintx NonProfiledCodeHeapSize                  = 122916026                              {pd product} {ergonomic}
   size_t OldSize                                  = 70254592                                  {product} {ergonomic}
    uintx ProfiledCodeHeapSize                     = 122916026                              {pd product} {ergonomic}
    uintx ReservedCodeCacheSize                    = 251658240                              {pd product} {ergonomic}
     bool SegmentedCodeCache                       = true                                      {product} {ergonomic}
   size_t SoftMaxHeapSize                          = 536870912                              {manageable} {ergonomic}
     intx ThreadPriorityPolicy                     = 1                                         {product} {jimage}
     bool UseCompressedClassPointers               = true                           {product lp64_product} {ergonomic}
     bool UseCompressedOops                        = true                           {product lp64_product} {ergonomic}
     bool UseParallelGC                            = true                                      {product} {command line}

Logging:
Log output configuration:
 #0: stdout all=warning uptime,level,tags
 #1: stderr all=off uptime,level,tags

Environment Variables:
JAVA_HOME=/nix/store/gpxl5qgg8kicmcvivwmybwjlpf7wh20l-graalvm17-ce-22.3.0
PATH=/nix/store/1d6ian3r8kdzspw8hacjhl3xkp40g1lj-binutils-wrapper-2.39/bin:/nix/store/dq0xwmsk1g0i2ayg6pb7y87na2knzylh-gcc-wrapper-11.3.0/bin:/nix/store/bap4d0lpcrhpwmpb8ayjcgkmvfj62lnq-bash-interactive-5.1-p16/bin:/nix/store/pr5n59mb4jzmfx6kanwxly0l07p861fg-patchelf-0.15.0/bin:/nix/store/1gf2flfqnpqbr1b4p4qz2f72y42bs56r-gcc-11.3.0/bin:/nix/store/57xv61c5zi8pphjbcwxxjlgc34p61ic9-glibc-2.35-163-bin/bin:/nix/store/a7gvj343m05j2s32xcnwr35v31ynlypr-coreutils-9.1/bin:/nix/store/039g378vc3pc3dvi9dzdlrd0i4q93qwf-binutils-2.39/bin:/nix/store/gpxl5qgg8kicmcvivwmybwjlpf7wh20l-graalvm17-ce-22.3.0/bin:/nix/store/6z9ag3ihc8mq2hzsw48lhbznvzny65nz-apache-maven-3.8.6/bin:/nix/store/m6gcpi1ii6rghy04cjwjddcavv7i90df-jdt-language-server-1.9.0/bin:/nix/store/84xs5alhs01zrbr4ywm05kxbjbp5590l-java-debug/bin:/nix/store/mydc6f4k2z73xlcz7ilif3v2lcaiqvza-findutils-4.9.0/bin:/nix/store/j9p3g8472iijd50vhdprx0nmk2fqn5gv-diffutils-3.8/bin:/nix/store/89zs7rms6x00xfq4dq6m7mjnhkr8a6r4-gnused-4.8/bin:/nix/store/86bp03jkmsl6f92w0yzg4s59g5mhxwmy-gnugrep-3.7/bin:/nix/store/hwcdqw4jrjnd37wxqgsd47hd0j8bnj09-gawk-5.1.1/bin:/nix/store/cfbhw8r8ags41vwqaz47r583d0p4h4a1-gnutar-1.34/bin:/nix/store/p3m1ndl1lapwrlh698bnb5lvvxh67378-gzip-1.12/bin:/nix/store/a8mhcagrsly7c7mpjrpsnaahk4aax056-bzip2-1.0.8-bin/bin:/nix/store/mblgz65m3zv9x548a3d5m96fj2pbwr09-gnumake-4.3/bin:/nix/store/dsd5gz46hdbdk2rfdimqddhq6m8m8fqs-bash-5.1-p16/bin:/nix/store/v7ljksji50mg3w61dykaa3n3y79n6nil-patch-2.7.6/bin:/nix/store/zlcnmqq14jz5x9439jf937mvayyl63da-xz-5.2.7-bin/bin:/nix/store/y6aj732zm9m87c82fpvf103a1xb22blp-file-5.43/bin:/nix/store/i4kzir3m7mrisxmf5xvlnkw01x4qaqr4-prybar-elisp-0.0.0-e0d9a52/bin:/nix/store/lwwivxf6h7x3cvxp9zv8sj0mv7dak99r-prybar-lua-0.0.0-e0d9a52/bin:/nix/store/gxj28g1cg4hq3qanmjv07156h800qr58-prybar-python3-0.0.0-e0d9a52/bin:/nix/store/hshkjnxrgidigf8x75vg6lqng2xlx9i3-prybar-sqlite-0.0.0-e0d9a52/bin:/nix/store/c4w01bpjgyy5ixmwdk8m1pw87zq4sl26-prybar-tcl-0.0.0-e0d9a52/bin:/nix/store/hpbvrlwd5viqmvcaisb3x0118i913a9n-st
LD_LIBRARY_PATH=/nix/store/a4pff549sk2idnkpzk5nsfps3mdkdnvm-cups-2.4.2-lib/lib:/nix/store/72mqxxhh3cy5yifh92wh2yb8cl2hikyy-cairo-1.16.0/lib:/nix/store/2k366jrbsra97gjfxwvrhvixjfxdach5-glib-2.74.1/lib:/nix/store/2j2znigd8ak37rlwh9khz0ry3clqlw1l-gtk+3-3.24.34/lib:/nix/store/hisqvx32cd57apbpcsnkpx6k3549wql1-libglvnd-1.4.0/lib:/nix/store/p36pgcv991mq5srvg765b78yqpxvk3qs-mesa-21.3.3-drivers/lib:/nix/store/mav4251if1ahjq5vkpwycyyvnmy459c4-pulseaudio-14.2/lib
DISPLAY=:0
LANG=en_US.UTF-8

Signal Handlers:
   SIGSEGV: crash_handler in libjvm.so, mask=11100100010111111101111111111110, flags=SA_RESTART|SA_SIGINFO
    SIGBUS: crash_handler in libjvm.so, mask=11100100010111111101111111111110, flags=SA_RESTART|SA_SIGINFO
    SIGFPE: crash_handler in libjvm.so, mask=11100100010111111101111111111110, flags=SA_RESTART|SA_SIGINFO
   SIGPIPE: IsolateEnterStub_IgnoreSIGPIPEStartupHook_noopSignalHandler_8f19bff2f35b5f630d83b364d6b2339320d4ec70_216e8361c6bc87a8f89f58cc10d3b2fd4415bf87 in libjvmcicompiler.so, mask=00000000000000000000000000000000, flags=SA_RESTART
  *** Handler was modified!
  *** Expected: javaSignalHandler in libjvm.so, mask=11100100110111111111111111111110, flags=SA_RESTART|SA_SIGINFO
   SIGXFSZ: javaSignalHandler in libjvm.so, mask=11100100010111111101111111111110, flags=SA_RESTART|SA_SIGINFO
    SIGILL: crash_handler in libjvm.so, mask=11100100010111111101111111111110, flags=SA_RESTART|SA_SIGINFO
   SIGUSR2: SR_handler in libjvm.so, mask=00000000000000000000000000000000, flags=SA_RESTART|SA_SIGINFO
    SIGHUP: UserHandler in libjvm.so, mask=11100100010111111101111111111110, flags=SA_RESTART|SA_SIGINFO
    SIGINT: UserHandler in libjvm.so, mask=11100100010111111101111111111110, flags=SA_RESTART|SA_SIGINFO
   SIGTERM: UserHandler in libjvm.so, mask=11100100010111111101111111111110, flags=SA_RESTART|SA_SIGINFO
   SIGQUIT: UserHandler in libjvm.so, mask=11100100010111111101111111111110, flags=SA_RESTART|SA_SIGINFO
  *** Handler was modified!
  *** Expected: javaSignalHandler in libjvm.so, mask=11100100110111111111111111111110, flags=SA_RESTART|SA_SIGINFO
   SIGTRAP: crash_handler in libjvm.so, mask=11100100010111111101111111111110, flags=SA_RESTART|SA_SIGINFO


---------------  S Y S T E M  ---------------

OS:
DISTRIB_ID=Ubuntu
DISTRIB_RELEASE=20.04
DISTRIB_CODENAME=focal
DISTRIB_DESCRIPTION="Ubuntu 20.04.2 LTS"
uname: Linux 5.15.0-1032-gcp #40~20.04.1-Ubuntu SMP Tue Apr 11 02:49:52 UTC 2023 x86_64
OS uptime: 0 days 13:36 hours
libc: glibc 2.35 NPTL 2.35 
rlimit (soft/hard): STACK 8192k/infinity , CORE infinity/infinity , NPROC infinity/infinity , NOFILE 5242/5242 , AS infinity/infinity , CPU infinity/infinity , DATA infinity/infinity , FSIZE infinity/infinity , MEMLOCK 64k/64k
load average: 4.29 5.67 6.83

/proc/meminfo:
MemTotal:       32872688 kB
MemFree:         3825492 kB
MemAvailable:   15857528 kB
Buffers:         2187664 kB
Cached:          8634872 kB
SwapCached:            0 kB
Active:          6546740 kB
Inactive:       18417120 kB
Active(anon):      13348 kB
Inactive(anon): 13918464 kB
Active(file):    6533392 kB
Inactive(file):  4498656 kB
Unevictable:       43204 kB
Mlocked:           43204 kB
SwapTotal:             0 kB
SwapFree:              0 kB
Dirty:              1724 kB
Writeback:             0 kB
AnonPages:      13394848 kB
Mapped:          1505612 kB
Shmem:             59880 kB
KReclaimable:    1465824 kB
Slab:            3215612 kB
SReclaimable:    1465824 kB
SUnreclaim:      1749788 kB
KernelStack:      372648 kB
PageTables:       162920 kB
NFS_Unstable:          0 kB
Bounce:                0 kB
WritebackTmp:          0 kB
CommitLimit:    16436344 kB
Committed_AS:   47224396 kB
VmallocTotal:   34359738367 kB
VmallocUsed:      414392 kB
VmallocChunk:          0 kB
Percpu:            44016 kB
HardwareCorrupted:     0 kB
AnonHugePages:   3037184 kB
ShmemHugePages:        0 kB
ShmemPmdMapped:        0 kB
FileHugePages:         0 kB
FilePmdMapped:         0 kB
HugePages_Total:       0
HugePages_Free:        0
HugePages_Rsvd:        0
HugePages_Surp:        0
Hugepagesize:       2048 kB
Hugetlb:               0 kB
DirectMap4k:     3427128 kB
DirectMap2M:    26978304 kB
DirectMap1G:     5242880 kB

/sys/kernel/mm/transparent_hugepage/enabled: always [madvise] never
/sys/kernel/mm/transparent_hugepage/defrag (defrag/compaction efforts parameter): always defer defer+madvise [madvise] never

Process Memory:
Virtual Size: 3872920K (peak: 3905404K)
Resident Set Size: 752244K (peak: 788264K) (anon: 558944K, file: 193300K, shmem: 0K)
Swapped out: 0K
C-Heap outstanding allocations: 44007K, retained: 9592K
glibc malloc tunables: (default)

/proc/sys/kernel/threads-max (system-wide limit on the number of threads): 256750
/proc/sys/vm/max_map_count (maximum number of memory map areas a process may have): 65530
/proc/sys/kernel/pid_max (system-wide limit on number of process identifiers): 4194304

container (cgroup) information:
container_type: cgroupv1
cpu_cpuset_cpus: 1-3
cpu_memory_nodes: 0
active_processor_count: 1
cpu_quota: 50000
cpu_period: 100000
cpu_shares: 512
memory_limit_in_bytes: 1048576 k
memory_and_swap_limit_in_bytes: 1048576 k
memory_soft_limit_in_bytes: 524288 k
memory_usage_in_bytes: 608928 k
memory_max_usage_in_bytes: 696188 k
maximum number of tasks: 1000
current number of tasks: 50

KVM virtualization detected
Steal ticks since vm start: 0
Steal ticks percentage since vm start:  0.000

CPU: total 4 (initial active 1) (4 cores per cpu, 2 threads per core) family 25 model 1 stepping 0 microcode 0xffffffff, cx8, cmov, fxsr, ht, mmx, 3dnowpref, sse, sse2, sse3, ssse3, sse4a, sse4.1, sse4.2, popcnt, lzcnt, tsc, tscinvbit, avx, avx2, aes, erms, clmul, bmi1, bmi2, adx, sha, fma, vzeroupper, clflush, clflushopt, hv
CPU Model and flags from /proc/cpuinfo:
model name	: AMD EPYC 7B13
flags		: fpu vme de pse tsc msr pae mce cx8 apic sep mtrr pge mca cmov pat pse36 clflush mmx fxsr sse sse2 ht syscall nx mmxext fxsr_opt pdpe1gb rdtscp lm constant_tsc rep_good nopl nonstop_tsc cpuid extd_apicid tsc_known_freq pni pclmulqdq ssse3 fma cx16 pcid sse4_1 sse4_2 movbe popcnt aes xsave avx f16c rdrand hypervisor lahf_lm cmp_legacy cr8_legacy abm sse4a misalignsse 3dnowprefetch osvw topoext invpcid_single ssbd ibrs ibpb stibp vmmcall fsgsbase tsc_adjust bmi1 avx2 smep bmi2 erms invpcid rdseed adx smap clflushopt clwb sha_ni xsaveopt xsavec xgetbv1 clzero xsaveerptr arat npt nrip_save umip vaes vpclmulqdq rdpid fsrm

Online cpus: 0-3
Offline cpus: 
BIOS frequency limitation: <Not Available>
Frequency switch latency (ns): <Not Available>
Available cpu frequencies: <Not Available>
Current governor: <Not Available>
Core performance/turbo boost: <Not Available>

Memory: 4k page, physical 1048576k(439632k free), swap 0k(0k free)
Page Sizes: 4k

vm_info: OpenJDK 64-Bit Server VM (17.0.5+8-jvmci-22.3-b08) for linux-amd64 JRE (17.0.5+8-jvmci-22.3-b08), built on Oct 19 2022 09:01:27 by "buildslave" with gcc 10.3.0

END.
